
*** Running vivado
    with args -log unsigned_int_multiplier.vds -m64 -product Vivado -mode batch -messageDb vivado.pb -notrace -source unsigned_int_multiplier.tcl


****** Vivado v2019.1 (64-bit)
  **** SW Build 2552052 on Fri May 24 14:49:42 MDT 2019
  **** IP Build 2548770 on Fri May 24 18:01:18 MDT 2019
    ** Copyright 1986-2019 Xilinx, Inc. All Rights Reserved.

source unsigned_int_multiplier.tcl -notrace
Command: synth_design -top unsigned_int_multiplier -part xc7a35tcpg236-1
Starting synth_design
Attempting to get a license for feature 'Synthesis' and/or device 'xc7a35t'
INFO: [Common 17-349] Got license for feature 'Synthesis' and/or device 'xc7a35t'
INFO: [Device 21-403] Loading part xc7a35tcpg236-1
INFO: Launching helper process for spawning children vivado processes
INFO: Helper process launched with PID 25636 
---------------------------------------------------------------------------------
Starting RTL Elaboration : Time (s): cpu = 00:00:07 ; elapsed = 00:00:07 . Memory (MB): peak = 672.934 ; gain = 178.012
---------------------------------------------------------------------------------
INFO: [Synth 8-6157] synthesizing module 'unsigned_int_multiplier' [C:/Vivado/unsignedmultiplierLab4Part1/unsignedmultiplierLab4Part1.srcs/sources_1/new/unsigned_int_multiplier.v:1]
INFO: [Synth 8-6157] synthesizing module 'and_gate' [C:/Vivado/unsignedmultiplierLab4Part1/unsignedmultiplierLab4Part1.srcs/sources_1/new/and_gate.v:1]
INFO: [Synth 8-6155] done synthesizing module 'and_gate' (1#1) [C:/Vivado/unsignedmultiplierLab4Part1/unsignedmultiplierLab4Part1.srcs/sources_1/new/and_gate.v:1]
INFO: [Synth 8-6157] synthesizing module 'shift_and_zero' [C:/Vivado/unsignedmultiplierLab4Part1/unsignedmultiplierLab4Part1.srcs/sources_1/new/shift_and_zero.v:3]
INFO: [Synth 8-6155] done synthesizing module 'shift_and_zero' (2#1) [C:/Vivado/unsignedmultiplierLab4Part1/unsignedmultiplierLab4Part1.srcs/sources_1/new/shift_and_zero.v:3]
INFO: [Synth 8-6157] synthesizing module 'cla8bit' [C:/Vivado/unsignedmultiplierLab4Part1/unsignedmultiplierLab4Part1.srcs/sources_1/new/cla8bit.v:23]
INFO: [Synth 8-6157] synthesizing module 'fourbitadder' [C:/Vivado/unsignedmultiplierLab4Part1/unsignedmultiplierLab4Part1.srcs/sources_1/new/fourbitadder.v:1]
INFO: [Synth 8-6157] synthesizing module 'half_adder' [C:/Vivado/unsignedmultiplierLab4Part1/unsignedmultiplierLab4Part1.srcs/sources_1/new/half_adder.v:1]
INFO: [Synth 8-6155] done synthesizing module 'half_adder' (3#1) [C:/Vivado/unsignedmultiplierLab4Part1/unsignedmultiplierLab4Part1.srcs/sources_1/new/half_adder.v:1]
INFO: [Synth 8-6157] synthesizing module 'carry_lookaheadrevB' [C:/Vivado/unsignedmultiplierLab4Part1/unsignedmultiplierLab4Part1.srcs/sources_1/new/carry_lookaheadRevB.v:1]
INFO: [Synth 8-6155] done synthesizing module 'carry_lookaheadrevB' (4#1) [C:/Vivado/unsignedmultiplierLab4Part1/unsignedmultiplierLab4Part1.srcs/sources_1/new/carry_lookaheadRevB.v:1]
INFO: [Synth 8-6157] synthesizing module 'xor_gate' [C:/Vivado/unsignedmultiplierLab4Part1/unsignedmultiplierLab4Part1.srcs/sources_1/new/xor_gate.v:1]
INFO: [Synth 8-6155] done synthesizing module 'xor_gate' (5#1) [C:/Vivado/unsignedmultiplierLab4Part1/unsignedmultiplierLab4Part1.srcs/sources_1/new/xor_gate.v:1]
INFO: [Synth 8-6155] done synthesizing module 'fourbitadder' (6#1) [C:/Vivado/unsignedmultiplierLab4Part1/unsignedmultiplierLab4Part1.srcs/sources_1/new/fourbitadder.v:1]
INFO: [Synth 8-6155] done synthesizing module 'cla8bit' (7#1) [C:/Vivado/unsignedmultiplierLab4Part1/unsignedmultiplierLab4Part1.srcs/sources_1/new/cla8bit.v:23]
WARNING: [Synth 8-6104] Input port 'cout' has an internal driver [C:/Vivado/unsignedmultiplierLab4Part1/unsignedmultiplierLab4Part1.srcs/sources_1/new/unsigned_int_multiplier.v:15]
INFO: [Synth 8-6155] done synthesizing module 'unsigned_int_multiplier' (8#1) [C:/Vivado/unsignedmultiplierLab4Part1/unsignedmultiplierLab4Part1.srcs/sources_1/new/unsigned_int_multiplier.v:1]
---------------------------------------------------------------------------------
Finished RTL Elaboration : Time (s): cpu = 00:00:08 ; elapsed = 00:00:09 . Memory (MB): peak = 737.414 ; gain = 242.492
---------------------------------------------------------------------------------

Report Check Netlist: 
+------+------------------+-------+---------+-------+------------------+
|      |Item              |Errors |Warnings |Status |Description       |
+------+------------------+-------+---------+-------+------------------+
|1     |multi_driven_nets |      0|        0|Passed |Multi driven nets |
+------+------------------+-------+---------+-------+------------------+
---------------------------------------------------------------------------------
Start Handling Custom Attributes
---------------------------------------------------------------------------------
---------------------------------------------------------------------------------
Finished Handling Custom Attributes : Time (s): cpu = 00:00:09 ; elapsed = 00:00:09 . Memory (MB): peak = 738.637 ; gain = 243.715
---------------------------------------------------------------------------------
---------------------------------------------------------------------------------
Finished RTL Optimization Phase 1 : Time (s): cpu = 00:00:09 ; elapsed = 00:00:09 . Memory (MB): peak = 738.637 ; gain = 243.715
---------------------------------------------------------------------------------
INFO: [Project 1-570] Preparing netlist for logic optimization

Processing XDC Constraints
Initializing timing engine
Parsing XDC File [C:/Vivado/unsignedmultiplierLab4Part1/unsignedmultiplierLab4Part1.srcs/constrs_1/new/mult.xdc]
WARNING: [Vivado 12-584] No ports matched 'clk100MHz'. [C:/Vivado/unsignedmultiplierLab4Part1/unsignedmultiplierLab4Part1.srcs/constrs_1/new/mult.xdc:2]
CRITICAL WARNING: [Common 17-55] 'set_property' expects at least one object. [C:/Vivado/unsignedmultiplierLab4Part1/unsignedmultiplierLab4Part1.srcs/constrs_1/new/mult.xdc:2]
Resolution: If [get_<value>] was used to populate the object, check to make sure this command returns at least one valid object.
WARNING: [Vivado 12-584] No ports matched 'clk100MHz'. [C:/Vivado/unsignedmultiplierLab4Part1/unsignedmultiplierLab4Part1.srcs/constrs_1/new/mult.xdc:3]
CRITICAL WARNING: [Vivado 12-4739] create_clock:No valid object(s) found for '-objects [get_ports clk100MHz]'. [C:/Vivado/unsignedmultiplierLab4Part1/unsignedmultiplierLab4Part1.srcs/constrs_1/new/mult.xdc:3]
Resolution: Check if the specified object(s) exists in the current design. If it does, ensure that the correct design hierarchy was specified for the object. If you are working with clocks, make sure create_clock was used to create the clock object before it is referenced.
WARNING: [Vivado 12-584] No ports matched 'rst'. [C:/Vivado/unsignedmultiplierLab4Part1/unsignedmultiplierLab4Part1.srcs/constrs_1/new/mult.xdc:5]
CRITICAL WARNING: [Common 17-55] 'set_property' expects at least one object. [C:/Vivado/unsignedmultiplierLab4Part1/unsignedmultiplierLab4Part1.srcs/constrs_1/new/mult.xdc:5]
Resolution: If [get_<value>] was used to populate the object, check to make sure this command returns at least one valid object.
WARNING: [Vivado 12-584] No ports matched 'button1'. [C:/Vivado/unsignedmultiplierLab4Part1/unsignedmultiplierLab4Part1.srcs/constrs_1/new/mult.xdc:17]
CRITICAL WARNING: [Common 17-55] 'set_property' expects at least one object. [C:/Vivado/unsignedmultiplierLab4Part1/unsignedmultiplierLab4Part1.srcs/constrs_1/new/mult.xdc:17]
Resolution: If [get_<value>] was used to populate the object, check to make sure this command returns at least one valid object.
WARNING: [Vivado 12-584] No ports matched 'LEDOUT[0]'. [C:/Vivado/unsignedmultiplierLab4Part1/unsignedmultiplierLab4Part1.srcs/constrs_1/new/mult.xdc:30]
CRITICAL WARNING: [Common 17-55] 'set_property' expects at least one object. [C:/Vivado/unsignedmultiplierLab4Part1/unsignedmultiplierLab4Part1.srcs/constrs_1/new/mult.xdc:30]
Resolution: If [get_<value>] was used to populate the object, check to make sure this command returns at least one valid object.
WARNING: [Vivado 12-584] No ports matched 'LEDOUT[1]'. [C:/Vivado/unsignedmultiplierLab4Part1/unsignedmultiplierLab4Part1.srcs/constrs_1/new/mult.xdc:31]
CRITICAL WARNING: [Common 17-55] 'set_property' expects at least one object. [C:/Vivado/unsignedmultiplierLab4Part1/unsignedmultiplierLab4Part1.srcs/constrs_1/new/mult.xdc:31]
Resolution: If [get_<value>] was used to populate the object, check to make sure this command returns at least one valid object.
WARNING: [Vivado 12-584] No ports matched 'LEDOUT[2]'. [C:/Vivado/unsignedmultiplierLab4Part1/unsignedmultiplierLab4Part1.srcs/constrs_1/new/mult.xdc:32]
CRITICAL WARNING: [Common 17-55] 'set_property' expects at least one object. [C:/Vivado/unsignedmultiplierLab4Part1/unsignedmultiplierLab4Part1.srcs/constrs_1/new/mult.xdc:32]
Resolution: If [get_<value>] was used to populate the object, check to make sure this command returns at least one valid object.
WARNING: [Vivado 12-584] No ports matched 'LEDOUT[3]'. [C:/Vivado/unsignedmultiplierLab4Part1/unsignedmultiplierLab4Part1.srcs/constrs_1/new/mult.xdc:33]
CRITICAL WARNING: [Common 17-55] 'set_property' expects at least one object. [C:/Vivado/unsignedmultiplierLab4Part1/unsignedmultiplierLab4Part1.srcs/constrs_1/new/mult.xdc:33]
Resolution: If [get_<value>] was used to populate the object, check to make sure this command returns at least one valid object.
WARNING: [Vivado 12-584] No ports matched 'LEDOUT[4]'. [C:/Vivado/unsignedmultiplierLab4Part1/unsignedmultiplierLab4Part1.srcs/constrs_1/new/mult.xdc:34]
CRITICAL WARNING: [Common 17-55] 'set_property' expects at least one object. [C:/Vivado/unsignedmultiplierLab4Part1/unsignedmultiplierLab4Part1.srcs/constrs_1/new/mult.xdc:34]
Resolution: If [get_<value>] was used to populate the object, check to make sure this command returns at least one valid object.
WARNING: [Vivado 12-584] No ports matched 'LEDOUT[5]'. [C:/Vivado/unsignedmultiplierLab4Part1/unsignedmultiplierLab4Part1.srcs/constrs_1/new/mult.xdc:35]
CRITICAL WARNING: [Common 17-55] 'set_property' expects at least one object. [C:/Vivado/unsignedmultiplierLab4Part1/unsignedmultiplierLab4Part1.srcs/constrs_1/new/mult.xdc:35]
Resolution: If [get_<value>] was used to populate the object, check to make sure this command returns at least one valid object.
WARNING: [Vivado 12-584] No ports matched 'LEDOUT[6]'. [C:/Vivado/unsignedmultiplierLab4Part1/unsignedmultiplierLab4Part1.srcs/constrs_1/new/mult.xdc:36]
CRITICAL WARNING: [Common 17-55] 'set_property' expects at least one object. [C:/Vivado/unsignedmultiplierLab4Part1/unsignedmultiplierLab4Part1.srcs/constrs_1/new/mult.xdc:36]
Resolution: If [get_<value>] was used to populate the object, check to make sure this command returns at least one valid object.
WARNING: [Vivado 12-584] No ports matched 'LEDOUT[7]'. [C:/Vivado/unsignedmultiplierLab4Part1/unsignedmultiplierLab4Part1.srcs/constrs_1/new/mult.xdc:37]
CRITICAL WARNING: [Common 17-55] 'set_property' expects at least one object. [C:/Vivado/unsignedmultiplierLab4Part1/unsignedmultiplierLab4Part1.srcs/constrs_1/new/mult.xdc:37]
Resolution: If [get_<value>] was used to populate the object, check to make sure this command returns at least one valid object.
WARNING: [Vivado 12-584] No ports matched 'LEDSEL[0]'. [C:/Vivado/unsignedmultiplierLab4Part1/unsignedmultiplierLab4Part1.srcs/constrs_1/new/mult.xdc:38]
CRITICAL WARNING: [Common 17-55] 'set_property' expects at least one object. [C:/Vivado/unsignedmultiplierLab4Part1/unsignedmultiplierLab4Part1.srcs/constrs_1/new/mult.xdc:38]
Resolution: If [get_<value>] was used to populate the object, check to make sure this command returns at least one valid object.
WARNING: [Vivado 12-584] No ports matched 'LEDSEL[1]'. [C:/Vivado/unsignedmultiplierLab4Part1/unsignedmultiplierLab4Part1.srcs/constrs_1/new/mult.xdc:39]
CRITICAL WARNING: [Common 17-55] 'set_property' expects at least one object. [C:/Vivado/unsignedmultiplierLab4Part1/unsignedmultiplierLab4Part1.srcs/constrs_1/new/mult.xdc:39]
Resolution: If [get_<value>] was used to populate the object, check to make sure this command returns at least one valid object.
WARNING: [Vivado 12-584] No ports matched 'LEDSEL[2]'. [C:/Vivado/unsignedmultiplierLab4Part1/unsignedmultiplierLab4Part1.srcs/constrs_1/new/mult.xdc:40]
CRITICAL WARNING: [Common 17-55] 'set_property' expects at least one object. [C:/Vivado/unsignedmultiplierLab4Part1/unsignedmultiplierLab4Part1.srcs/constrs_1/new/mult.xdc:40]
Resolution: If [get_<value>] was used to populate the object, check to make sure this command returns at least one valid object.
WARNING: [Vivado 12-584] No ports matched 'LEDSEL[3]'. [C:/Vivado/unsignedmultiplierLab4Part1/unsignedmultiplierLab4Part1.srcs/constrs_1/new/mult.xdc:41]
CRITICAL WARNING: [Common 17-55] 'set_property' expects at least one object. [C:/Vivado/unsignedmultiplierLab4Part1/unsignedmultiplierLab4Part1.srcs/constrs_1/new/mult.xdc:41]
Resolution: If [get_<value>] was used to populate the object, check to make sure this command returns at least one valid object.
Finished Parsing XDC File [C:/Vivado/unsignedmultiplierLab4Part1/unsignedmultiplierLab4Part1.srcs/constrs_1/new/mult.xdc]
INFO: [Project 1-236] Implementation specific constraints were found while reading constraint file [C:/Vivado/unsignedmultiplierLab4Part1/unsignedmultiplierLab4Part1.srcs/constrs_1/new/mult.xdc]. These constraints will be ignored for synthesis but will be used in implementation. Impacted constraints are listed in the file [.Xil/unsigned_int_multiplier_propImpl.xdc].
Resolution: To avoid this warning, move constraints listed in [.Xil/unsigned_int_multiplier_propImpl.xdc] to another XDC file and exclude this new file from synthesis with the used_in_synthesis property (File Properties dialog in GUI) and re-run elaboration/synthesis.
Completed Processing XDC Constraints

Netlist sorting complete. Time (s): cpu = 00:00:00 ; elapsed = 00:00:00.001 . Memory (MB): peak = 864.699 ; gain = 0.000
INFO: [Project 1-111] Unisim Transformation Summary:
No Unisim elements were transformed.

Constraint Validation Runtime : Time (s): cpu = 00:00:00 ; elapsed = 00:00:00.004 . Memory (MB): peak = 864.699 ; gain = 0.000
---------------------------------------------------------------------------------
Finished Constraint Validation : Time (s): cpu = 00:00:17 ; elapsed = 00:00:18 . Memory (MB): peak = 864.699 ; gain = 369.777
---------------------------------------------------------------------------------
---------------------------------------------------------------------------------
Start Loading Part and Timing Information
---------------------------------------------------------------------------------
Loading part: xc7a35tcpg236-1
---------------------------------------------------------------------------------
Finished Loading Part and Timing Information : Time (s): cpu = 00:00:17 ; elapsed = 00:00:18 . Memory (MB): peak = 864.699 ; gain = 369.777
---------------------------------------------------------------------------------
---------------------------------------------------------------------------------
Start Applying 'set_property' XDC Constraints
---------------------------------------------------------------------------------
---------------------------------------------------------------------------------
Finished applying 'set_property' XDC Constraints : Time (s): cpu = 00:00:18 ; elapsed = 00:00:18 . Memory (MB): peak = 864.699 ; gain = 369.777
---------------------------------------------------------------------------------
---------------------------------------------------------------------------------
Finished RTL Optimization Phase 2 : Time (s): cpu = 00:00:18 ; elapsed = 00:00:19 . Memory (MB): peak = 864.699 ; gain = 369.777
---------------------------------------------------------------------------------

Report RTL Partitions: 
+-+--------------+------------+----------+
| |RTL Partition |Replication |Instances |
+-+--------------+------------+----------+
+-+--------------+------------+----------+
---------------------------------------------------------------------------------
Start RTL Component Statistics 
---------------------------------------------------------------------------------
Detailed RTL Component Info : 
+---Adders : 
	   2 Input      1 Bit       Adders := 6     
	   3 Input      1 Bit       Adders := 6     
	   4 Input      1 Bit       Adders := 6     
	   5 Input      1 Bit       Adders := 6     
+---XORs : 
	   2 Input      1 Bit         XORs := 48    
---------------------------------------------------------------------------------
Finished RTL Component Statistics 
---------------------------------------------------------------------------------
---------------------------------------------------------------------------------
Start RTL Hierarchical Component Statistics 
---------------------------------------------------------------------------------
Hierarchical RTL Component report 
Module half_adder 
Detailed RTL Component Info : 
+---XORs : 
	   2 Input      1 Bit         XORs := 1     
Module carry_lookaheadrevB 
Detailed RTL Component Info : 
+---Adders : 
	   2 Input      1 Bit       Adders := 1     
	   3 Input      1 Bit       Adders := 1     
	   4 Input      1 Bit       Adders := 1     
	   5 Input      1 Bit       Adders := 1     
Module xor_gate 
Detailed RTL Component Info : 
+---XORs : 
	   2 Input      1 Bit         XORs := 1     
---------------------------------------------------------------------------------
Finished RTL Hierarchical Component Statistics
---------------------------------------------------------------------------------
---------------------------------------------------------------------------------
Start Part Resource Summary
---------------------------------------------------------------------------------
Part Resources:
DSPs: 90 (col length:60)
BRAMs: 100 (col length: RAMB18 60 RAMB36 30)
---------------------------------------------------------------------------------
Finished Part Resource Summary
---------------------------------------------------------------------------------
---------------------------------------------------------------------------------
Start Cross Boundary and Area Optimization
---------------------------------------------------------------------------------
Warning: Parallel synthesis criteria is not met 
CRITICAL WARNING: [Synth 8-6859] multi-driven net on pin cout with 1st driver pin 'claAll/f2/CLAgen/cout0_inferred__2/cout04_out' [C:/Vivado/unsignedmultiplierLab4Part1/unsignedmultiplierLab4Part1.srcs/sources_1/new/carry_lookaheadRevB.v:6]
CRITICAL WARNING: [Synth 8-6859] multi-driven net on pin cout with 2nd driver pin 'cout' [C:/Vivado/unsignedmultiplierLab4Part1/unsignedmultiplierLab4Part1.srcs/sources_1/new/unsigned_int_multiplier.v:1]
---------------------------------------------------------------------------------
Finished Cross Boundary and Area Optimization : Time (s): cpu = 00:00:20 ; elapsed = 00:00:21 . Memory (MB): peak = 864.699 ; gain = 369.777
---------------------------------------------------------------------------------

Report RTL Partitions: 
+-+--------------+------------+----------+
| |RTL Partition |Replication |Instances |
+-+--------------+------------+----------+
+-+--------------+------------+----------+
---------------------------------------------------------------------------------
Start Applying XDC Timing Constraints
---------------------------------------------------------------------------------
---------------------------------------------------------------------------------
Finished Applying XDC Timing Constraints : Time (s): cpu = 00:00:32 ; elapsed = 00:00:34 . Memory (MB): peak = 864.699 ; gain = 369.777
---------------------------------------------------------------------------------
---------------------------------------------------------------------------------
Start Timing Optimization
---------------------------------------------------------------------------------
---------------------------------------------------------------------------------
Finished Timing Optimization : Time (s): cpu = 00:00:32 ; elapsed = 00:00:34 . Memory (MB): peak = 864.699 ; gain = 369.777
---------------------------------------------------------------------------------

Report RTL Partitions: 
+-+--------------+------------+----------+
| |RTL Partition |Replication |Instances |
+-+--------------+------------+----------+
+-+--------------+------------+----------+
---------------------------------------------------------------------------------
Start Technology Mapping
---------------------------------------------------------------------------------
---------------------------------------------------------------------------------
Finished Technology Mapping : Time (s): cpu = 00:00:32 ; elapsed = 00:00:34 . Memory (MB): peak = 864.699 ; gain = 369.777
---------------------------------------------------------------------------------

Report RTL Partitions: 
+-+--------------+------------+----------+
| |RTL Partition |Replication |Instances |
+-+--------------+------------+----------+
+-+--------------+------------+----------+
---------------------------------------------------------------------------------
Start IO Insertion
---------------------------------------------------------------------------------
---------------------------------------------------------------------------------
Start Flattening Before IO Insertion
---------------------------------------------------------------------------------
---------------------------------------------------------------------------------
Finished Flattening Before IO Insertion
---------------------------------------------------------------------------------
---------------------------------------------------------------------------------
Start Final Netlist Cleanup
---------------------------------------------------------------------------------
---------------------------------------------------------------------------------
Finished Final Netlist Cleanup
---------------------------------------------------------------------------------
---------------------------------------------------------------------------------
Finished IO Insertion : Time (s): cpu = 00:00:36 ; elapsed = 00:00:38 . Memory (MB): peak = 864.699 ; gain = 369.777
---------------------------------------------------------------------------------

Report Check Netlist: 
+------+------------------+-------+---------+-------+------------------+
|      |Item              |Errors |Warnings |Status |Description       |
+------+------------------+-------+---------+-------+------------------+
|1     |multi_driven_nets |      0|        0|Passed |Multi driven nets |
+------+------------------+-------+---------+-------+------------------+
---------------------------------------------------------------------------------
Start Renaming Generated Instances
---------------------------------------------------------------------------------
---------------------------------------------------------------------------------
Finished Renaming Generated Instances : Time (s): cpu = 00:00:36 ; elapsed = 00:00:38 . Memory (MB): peak = 864.699 ; gain = 369.777
---------------------------------------------------------------------------------

Report RTL Partitions: 
+-+--------------+------------+----------+
| |RTL Partition |Replication |Instances |
+-+--------------+------------+----------+
+-+--------------+------------+----------+
---------------------------------------------------------------------------------
Start Rebuilding User Hierarchy
---------------------------------------------------------------------------------
---------------------------------------------------------------------------------
Finished Rebuilding User Hierarchy : Time (s): cpu = 00:00:36 ; elapsed = 00:00:38 . Memory (MB): peak = 864.699 ; gain = 369.777
---------------------------------------------------------------------------------
---------------------------------------------------------------------------------
Start Renaming Generated Ports
---------------------------------------------------------------------------------
---------------------------------------------------------------------------------
Finished Renaming Generated Ports : Time (s): cpu = 00:00:36 ; elapsed = 00:00:38 . Memory (MB): peak = 864.699 ; gain = 369.777
---------------------------------------------------------------------------------
---------------------------------------------------------------------------------
Start Handling Custom Attributes
---------------------------------------------------------------------------------
---------------------------------------------------------------------------------
Finished Handling Custom Attributes : Time (s): cpu = 00:00:36 ; elapsed = 00:00:38 . Memory (MB): peak = 864.699 ; gain = 369.777
---------------------------------------------------------------------------------
---------------------------------------------------------------------------------
Start Renaming Generated Nets
---------------------------------------------------------------------------------
---------------------------------------------------------------------------------
Finished Renaming Generated Nets : Time (s): cpu = 00:00:36 ; elapsed = 00:00:38 . Memory (MB): peak = 864.699 ; gain = 369.777
---------------------------------------------------------------------------------
---------------------------------------------------------------------------------
Start Writing Synthesis Report
---------------------------------------------------------------------------------

Report BlackBoxes: 
+-+--------------+----------+
| |BlackBox name |Instances |
+-+--------------+----------+
+-+--------------+----------+

Report Cell Usage: 
+------+-----+------+
|      |Cell |Count |
+------+-----+------+
|1     |LUT2 |     2|
|2     |LUT3 |     2|
|3     |LUT4 |     5|
|4     |LUT5 |     5|
|5     |LUT6 |    16|
|6     |IBUF |     9|
|7     |OBUF |     8|
+------+-----+------+

Report Instance Areas: 
+------+---------+-------+------+
|      |Instance |Module |Cells |
+------+---------+-------+------+
|1     |top      |       |    47|
+------+---------+-------+------+
---------------------------------------------------------------------------------
Finished Writing Synthesis Report : Time (s): cpu = 00:00:37 ; elapsed = 00:00:38 . Memory (MB): peak = 864.699 ; gain = 369.777
---------------------------------------------------------------------------------
Synthesis finished with 0 errors, 2 critical warnings and 0 warnings.
Synthesis Optimization Runtime : Time (s): cpu = 00:00:25 ; elapsed = 00:00:35 . Memory (MB): peak = 864.699 ; gain = 243.715
Synthesis Optimization Complete : Time (s): cpu = 00:00:37 ; elapsed = 00:00:38 . Memory (MB): peak = 864.699 ; gain = 369.777
INFO: [Project 1-571] Translating synthesized netlist
INFO: [Project 1-570] Preparing netlist for logic optimization
INFO: [Opt 31-138] Pushed 0 inverter(s) to 0 load pin(s).
Netlist sorting complete. Time (s): cpu = 00:00:00 ; elapsed = 00:00:00 . Memory (MB): peak = 875.973 ; gain = 0.000
INFO: [Project 1-111] Unisim Transformation Summary:
No Unisim elements were transformed.

INFO: [Common 17-83] Releasing license: Synthesis
26 Infos, 17 Warnings, 18 Critical Warnings and 0 Errors encountered.
synth_design completed successfully
synth_design: Time (s): cpu = 00:00:44 ; elapsed = 00:00:48 . Memory (MB): peak = 875.973 ; gain = 584.930
Netlist sorting complete. Time (s): cpu = 00:00:00 ; elapsed = 00:00:00 . Memory (MB): peak = 875.973 ; gain = 0.000
WARNING: [Constraints 18-5210] No constraints selected for write.
Resolution: This message can indicate that there are no constraints for the design, or it can indicate that the used_in flags are set such that the constraints are ignored. This later case is used when running synth_design to not write synthesis constraints to the resulting checkpoint. Instead, project constraints are read when the synthesized design is opened.
INFO: [Common 17-1381] The checkpoint 'C:/Vivado/unsignedmultiplierLab4Part1/unsignedmultiplierLab4Part1.runs/synth_1/unsigned_int_multiplier.dcp' has been generated.
INFO: [runtcl-4] Executing : report_utilization -file unsigned_int_multiplier_utilization_synth.rpt -pb unsigned_int_multiplier_utilization_synth.pb
INFO: [Common 17-206] Exiting Vivado at Mon Nov  4 12:24:48 2019...
