#
# There is insufficient memory for the Java Runtime Environment to continue.
# Native memory allocation (malloc) failed to allocate 1045056 bytes for Chunk::new
# Possible reasons:
#   The system is out of physical RAM or swap space
#   The process is running with CompressedOops enabled, and the Java Heap may be blocking the growth of the native heap
# Possible solutions:
#   Reduce memory load on the system
#   Increase physical memory or swap space
#   Check if swap backing store is full
#   Decrease Java heap size (-Xmx/-Xms)
#   Decrease number of Java threads
#   Decrease Java thread stack sizes (-Xss)
#   Set larger code cache with -XX:ReservedCodeCacheSize=
#   JVM is running with Zero Based Compressed Oops mode in which the Java heap is
#     placed in the first 32GB address space. The Java Heap base address is the
#     maximum limit for the native heap growth. Please use -XX:HeapBaseMinAddress
#     to set the Java Heap base and to place the Java Heap above 32GB virtual address.
# This output file may be truncated or incomplete.
#
#  Out of Memory Error (t:/workspace/hotspot/src/share/vm/memory/allocation.cpp:372), pid=26400, tid=14052
#
# JRE version: Java(TM) SE Runtime Environment (9.0+11) (build 9.0.4+11)
# Java VM: Java HotSpot(TM) 64-Bit Server VM (9.0.4+11, mixed mode, tiered, compressed oops, g1 gc, windows-amd64)
# No core dump will be written. Minidumps are not enabled by default on client versions of Windows
#

---------------  S U M M A R Y ------------

Command Line: -Dsun.java2d.pmoffscreen=false -Dsun.java2d.xrender=false -Dsun.java2d.d3d=false -Dsun.awt.nopixfmt=true -Dsun.java2d.dpiaware=true -Dsun.java2d.uiScale.enabled=false -Xverify:none -Dswing.aatext=true -XX:-UsePerfData -Djdk.map.althashing.threshold=512 -XX:StringTableSize=4072 --add-opens=java.base/java.nio=ALL-UNNAMED --add-opens=java.desktop/sun.swing=ALL-UNNAMED --add-opens=java.desktop/javax.swing=ALL-UNNAMED --add-opens=java.desktop/javax.swing.tree=ALL-UNNAMED --add-opens=java.desktop/javax.swing.plaf.basic=ALL-UNNAMED --add-opens=java.desktop/javax.swing.plaf.synth=ALL-UNNAMED --add-opens=java.desktop/com.sun.awt=ALL-UNNAMED -XX:NewSize=60m -XX:MaxNewSize=60m -Xms128m -Xmx3072m -Xss5m 

Host: Intel(R) Core(TM) i7-8750H CPU @ 2.20GHz, 12 cores, 15G,  Windows 10 , 64 bit Build 17134 (10.0.17134.753)
Time: Sun Oct 13 00:09:08 2019 Pacific Daylight Time elapsed time: 1241 seconds (0d 0h 20m 41s)

---------------  T H R E A D  ---------------

Current thread (0x000001fa86867000):  JavaThread "C2 CompilerThread1" daemon [_thread_in_native, id=14052, stack(0x000000faade00000,0x000000faadf00000)]


Current CompileTask:
C2:1241640 20059       4       java.lang.invoke.InvokerBytecodeGenerator::addMethod (686 bytes)

Stack: [0x000000faade00000,0x000000faadf00000]
Native frames: (J=compiled Java code, j=interpreted, Vv=VM code, C=native code)
V  [jvm.dll+0x587068]

[error occurred during error reporting (printing native stack), id 0xe0000001]


---------------  P R O C E S S  ---------------

Java Threads: ( => current thread )
  0x000001fab1af7800 JavaThread "Run Simulation" [_thread_blocked, id=32456, stack(0x000000fab3500000,0x000000fab3a00000)]
  0x000001fab1afd800 JavaThread "Image Animator 3" daemon [_thread_blocked, id=16308, stack(0x000000fab5400000,0x000000fab5900000)]
  0x000001fab1aff800 JavaThread "SyntheticaAnimation 50" daemon [_thread_blocked, id=9948, stack(0x000000fab0500000,0x000000fab0a00000)]
  0x000001fab1af9000 JavaThread "Update Runs Swing Worker" [_thread_blocked, id=17824, stack(0x000000fab4e00000,0x000000fab5300000)]
  0x000001fa8686e800 JavaThread "hw_ila_monitor" [_thread_blocked, id=24256, stack(0x000000fab1900000,0x000000fab1e00000)]
  0x000001fa86871000 JavaThread "Refresh Filesets Swing Worker" [_thread_blocked, id=21648, stack(0x000000fab3f00000,0x000000fab4400000)]
  0x000001fa8686e000 JavaThread "SyntheticaAnimation 70" daemon [_thread_blocked, id=12088, stack(0x000000fab3a00000,0x000000fab3f00000)]
  0x000001fa8686f800 JavaThread "SyntheticaAnimation 25" daemon [_thread_blocked, id=28392, stack(0x000000fab3000000,0x000000fab3500000)]
  0x000001fa8686d000 JavaThread "SyntheticaAnimation 50" daemon [_thread_blocked, id=28696, stack(0x000000fab2b00000,0x000000fab3000000)]
  0x000001fa86874000 JavaThread "Monitor HEventQueue" [_thread_blocked, id=29860, stack(0x000000fab2600000,0x000000fab2b00000)]
  0x000001fa86870000 JavaThread "SyntheticaCleanerThread" daemon [_thread_blocked, id=8300, stack(0x000000fab1e00000,0x000000fab2300000)]
  0x000001fa86873000 JavaThread "Batik CleanerThread" daemon [_thread_blocked, id=26904, stack(0x000000fab0a00000,0x000000fab0f00000)]
  0x000001faa89e1000 JavaThread "AWT-EventQueue-1" [_thread_in_Java, id=12748, stack(0x000000fab1400000,0x000000fab1900000)]
  0x000001faa8c8a000 JavaThread "Process Messages" [_thread_blocked, id=7644, stack(0x000000fab0f00000,0x000000fab1400000)]
  0x000001faa9cf8000 JavaThread "Thread-1" [_thread_in_native, id=23340, stack(0x000000faa9800000,0x000000faaac00000)]
  0x000001faa9831800 JavaThread "TimerQueue" daemon [_thread_blocked, id=23636, stack(0x000000fab0000000,0x000000fab0500000)]
  0x000001faa8543000 JavaThread "AWT-Windows" daemon [_thread_in_native, id=20048, stack(0x000000faafb00000,0x000000fab0000000)]
  0x000001fa8372d000 JavaThread "AWT-Shutdown" [_thread_blocked, id=15136, stack(0x000000faaf600000,0x000000faafb00000)]
  0x000001faa83b5800 JavaThread "Java2D Disposer" daemon [_thread_blocked, id=19772, stack(0x000000faaf100000,0x000000faaf600000)]
  0x000001fa8354b800 JavaThread "Service Thread" daemon [_thread_blocked, id=32932, stack(0x000000faaeb00000,0x000000faaf000000)]
  0x000001fa89a0b800 JavaThread "Common-Cleaner" daemon [_thread_blocked, id=27120, stack(0x000000faae600000,0x000000faaeb00000)]
  0x000001fa86871800 JavaThread "Sweeper thread" daemon [_thread_blocked, id=28000, stack(0x000000faae100000,0x000000faae600000)]
  0x000001fa8686c800 JavaThread "C1 CompilerThread3" daemon [_thread_blocked, id=24024, stack(0x000000faae000000,0x000000faae100000)]
  0x000001fa8686b800 JavaThread "C2 CompilerThread2" daemon [_thread_blocked, id=21736, stack(0x000000faadf00000,0x000000faae000000)]
=>0x000001fa86867000 JavaThread "C2 CompilerThread1" daemon [_thread_in_native, id=14052, stack(0x000000faade00000,0x000000faadf00000)]
  0x000001fa86865800 JavaThread "C2 CompilerThread0" daemon [_thread_blocked, id=27488, stack(0x000000faadd00000,0x000000faade00000)]
  0x000001fa86864800 JavaThread "Attach Listener" daemon [_thread_blocked, id=14908, stack(0x000000faad800000,0x000000faadd00000)]
  0x000001fa831e1000 JavaThread "Signal Dispatcher" daemon [_thread_blocked, id=20204, stack(0x000000faad300000,0x000000faad800000)]
  0x000001fa89db7800 JavaThread "Finalizer" daemon [_thread_blocked, id=9244, stack(0x000000faace00000,0x000000faad300000)]
  0x000001fa826d7800 JavaThread "Reference Handler" daemon [_thread_blocked, id=14820, stack(0x000000faac900000,0x000000faace00000)]
  0x000001fa8690c000 JavaThread "main" [_thread_blocked, id=12656, stack(0x000000faa9700000,0x000000faa9800000)]

Other Threads:
  0x000001fa82591000 VMThread "VM Thread" [stack: 0x000000faac800000,0x000000faac900000] [id=20960]
  0x000001fa89a3c000 WatcherThread [stack: 0x000000faaf000000,0x000000faaf100000] [id=13876]
  0x000001fa89c4a800 GCTaskThread "GC Thread#0" [stack: 0x000000faaaf00000,0x000000faab000000] [id=16780]
  0x000001fa861fd000 GCTaskThread "GC Thread#1" [stack: 0x000000faab000000,0x000000faab100000] [id=33336]
  0x000001fa861fa800 GCTaskThread "GC Thread#2" [stack: 0x000000faab100000,0x000000faab200000] [id=24784]
  0x000001fa861fb000 GCTaskThread "GC Thread#3" [stack: 0x000000faab200000,0x000000faab300000] [id=33428]
  0x000001fa861fc000 GCTaskThread "GC Thread#4" [stack: 0x000000faab300000,0x000000faab400000] [id=28544]
  0x000001fa861fb800 GCTaskThread "GC Thread#5" [stack: 0x000000faab400000,0x000000faab500000] [id=25232]
  0x000001fa861fd800 GCTaskThread "GC Thread#6" [stack: 0x000000faab500000,0x000000faab600000] [id=29196]
  0x000001fa89b85000 GCTaskThread "GC Thread#7" [stack: 0x000000faab600000,0x000000faab700000] [id=28508]
  0x000001fa89b88800 GCTaskThread "GC Thread#8" [stack: 0x000000faab700000,0x000000faab800000] [id=3548]
  0x000001fa89b89000 GCTaskThread "GC Thread#9" [stack: 0x000000faab800000,0x000000faab900000] [id=29604]
  0x000001fa89f9b000 ConcurrentGCThread "G1 Main Marker" [stack: 0x000000faac400000,0x000000faac500000] [id=26260]
  0x000001fa89b86800 ConcurrentGCThread "G1 Marker#0" [stack: 0x000000faac500000,0x000000faac600000] [id=27788]
  0x000001fa89b84000 ConcurrentGCThread "G1 Marker#1" [stack: 0x000000faac600000,0x000000faac700000] [id=33108]
  0x000001fa89b89800 ConcurrentGCThread "G1 Marker#2" [stack: 0x000000faac700000,0x000000faac800000] [id=3440]
  0x000001fa89b9a000 ConcurrentGCThread "G1 Refine#0" [stack: 0x000000faac200000,0x000000faac300000] [id=1820]
  0x000001fa823a1800 ConcurrentGCThread "G1 Refine#1" [stack: 0x000000faac100000,0x000000faac200000] [id=15364]
  0x000001fa823a0800 ConcurrentGCThread "G1 Refine#2" [stack: 0x000000faac000000,0x000000faac100000] [id=24472]
  0x000001fa823a0000 ConcurrentGCThread "G1 Refine#3" [stack: 0x000000faabf00000,0x000000faac000000] [id=15504]
  0x000001fa8239f800 ConcurrentGCThread "G1 Refine#4" [stack: 0x000000faabe00000,0x000000faabf00000] [id=29144]
  0x000001fa823a2800 ConcurrentGCThread "G1 Refine#5" [stack: 0x000000faabd00000,0x000000faabe00000] [id=1164]
  0x000001fa823a2000 ConcurrentGCThread "G1 Refine#6" [stack: 0x000000faabc00000,0x000000faabd00000] [id=8616]
  0x000001fa8a13e000 ConcurrentGCThread "G1 Refine#7" [stack: 0x000000faabb00000,0x000000faabc00000] [id=33564]
  0x000001fa8a13d800 ConcurrentGCThread "G1 Refine#8" [stack: 0x000000faaba00000,0x000000faabb00000] [id=14660]
  0x000001fa8a0f1000 ConcurrentGCThread "G1 Refine#9" [stack: 0x000000faab900000,0x000000faaba00000] [id=29920]
  0x000001fa89b94800 ConcurrentGCThread "G1 Young RemSet Sampling" [stack: 0x000000faac300000,0x000000faac400000] [id=29844]

Threads with active compile tasks:
C2 CompilerThread120059       4       java.lang.invoke.InvokerBytecodeGenerator::addMethod (686 bytes)

VM state:not at safepoint (normal execution)

VM Mutex/Monitor currently owned by a thread: None

Heap address: 0x0000000700000000, size: 3072 MB, Compressed Oops mode: Zero based, Oop shift amount: 3
Narrow klass base: 0x0000000000000000, Narrow klass shift: 3
Compressed class space size: 1073741824 Address: 0x00000007c0000000

Heap:
 garbage-first heap   total 157696K, used 127222K [0x0000000700000000, 0x00000007001004d0, 0x00000007c0000000)
  region size 1024K, 57 young (58368K), 0 survivors (0K)
 Metaspace       used 80729K, capacity 86239K, committed 86524K, reserved 1124352K
  class space    used 10999K, capacity 11970K, committed 12028K, reserved 1048576K
Heap Regions: E=young(eden), S=young(survivor), O=old, HS=humongous(starts), HC=humongous(continues), CS=collection set, F=free, A=archive, TS=gc time stamp, AC=allocation context, TAMS=top-at-mark-start (previous, next)
|   0|0x0000000700000000, 0x00000007000fd880, 0x0000000700100000| 99%| O|  |TS  0|AC  0|TAMS 0x0000000700000000, 0x0000000700000000|
|   1|0x0000000700100000, 0x0000000700200000, 0x0000000700200000|100%|HS|  |TS  0|AC  0|TAMS 0x0000000700100000, 0x0000000700100000|
|   2|0x0000000700200000, 0x0000000700300000, 0x0000000700300000|100%|HC|  |TS  0|AC  0|TAMS 0x0000000700200000, 0x0000000700200000|
|   3|0x0000000700300000, 0x0000000700400000, 0x0000000700400000|100%|HS|  |TS  0|AC  0|TAMS 0x0000000700300000, 0x0000000700300000|
|   4|0x0000000700400000, 0x00000007004ffff0, 0x0000000700500000| 99%| O|  |TS  0|AC  0|TAMS 0x0000000700400000, 0x0000000700400000|
|   5|0x0000000700500000, 0x00000007005ff998, 0x0000000700600000| 99%| O|  |TS  0|AC  0|TAMS 0x0000000700500000, 0x0000000700500000|
|   6|0x0000000700600000, 0x00000007006fffc0, 0x0000000700700000| 99%| O|  |TS  0|AC  0|TAMS 0x0000000700600000, 0x0000000700600000|
|   7|0x0000000700700000, 0x00000007007ffff0, 0x0000000700800000| 99%| O|  |TS  0|AC  0|TAMS 0x0000000700700000, 0x0000000700700000|
|   8|0x0000000700800000, 0x00000007008fffe8, 0x0000000700900000| 99%| O|  |TS  0|AC  0|TAMS 0x0000000700800000, 0x0000000700800000|
|   9|0x0000000700900000, 0x0000000700a00000, 0x0000000700a00000|100%| O|  |TS  0|AC  0|TAMS 0x0000000700900000, 0x0000000700900000|
|  10|0x0000000700a00000, 0x0000000700affff0, 0x0000000700b00000| 99%| O|  |TS  0|AC  0|TAMS 0x0000000700a00000, 0x0000000700a00000|
|  11|0x0000000700b00000, 0x0000000700c00000, 0x0000000700c00000|100%| O|  |TS  0|AC  0|TAMS 0x0000000700b00000, 0x0000000700b00000|
|  12|0x0000000700c00000, 0x0000000700cf11e0, 0x0000000700d00000| 94%| O|  |TS  0|AC  0|TAMS 0x0000000700c00000, 0x0000000700c00000|
|  13|0x0000000700d00000, 0x0000000700dfdea0, 0x0000000700e00000| 99%| O|  |TS  0|AC  0|TAMS 0x0000000700d00000, 0x0000000700d00000|
|  14|0x0000000700e00000, 0x0000000700ef66b0, 0x0000000700f00000| 96%| O|  |TS  0|AC  0|TAMS 0x0000000700e00000, 0x0000000700e00000|
|  15|0x0000000700f00000, 0x0000000700fed9d8, 0x0000000701000000| 92%| O|  |TS  0|AC  0|TAMS 0x0000000700f00000, 0x0000000700f00000|
|  16|0x0000000701000000, 0x00000007010fffe8, 0x0000000701100000| 99%| O|  |TS  0|AC  0|TAMS 0x0000000701000000, 0x0000000701000000|
|  17|0x0000000701100000, 0x00000007011fffe8, 0x0000000701200000| 99%| O|  |TS  0|AC  0|TAMS 0x0000000701100000, 0x0000000701100000|
|  18|0x0000000701200000, 0x00000007012ffff8, 0x0000000701300000| 99%| O|  |TS  0|AC  0|TAMS 0x0000000701200000, 0x0000000701200000|
|  19|0x0000000701300000, 0x00000007013ffff8, 0x0000000701400000| 99%| O|  |TS  0|AC  0|TAMS 0x0000000701300000, 0x0000000701300000|
|  20|0x0000000701400000, 0x0000000701500000, 0x0000000701500000|100%| O|  |TS  0|AC  0|TAMS 0x0000000701400000, 0x0000000701400000|
|  21|0x0000000701500000, 0x0000000701600000, 0x0000000701600000|100%|HS|  |TS  0|AC  0|TAMS 0x0000000701500000, 0x0000000701500000|
|  22|0x0000000701600000, 0x00000007016ffed0, 0x0000000701700000| 99%| O|  |TS  0|AC  0|TAMS 0x0000000701600000, 0x0000000701600000|
|  23|0x0000000701700000, 0x00000007017fffd8, 0x0000000701800000| 99%| O|  |TS  0|AC  0|TAMS 0x0000000701700000, 0x0000000701700000|
|  24|0x0000000701800000, 0x00000007018fffe8, 0x0000000701900000| 99%| O|  |TS  0|AC  0|TAMS 0x0000000701800000, 0x0000000701800000|
|  25|0x0000000701900000, 0x0000000701a00000, 0x0000000701a00000|100%| O|  |TS  0|AC  0|TAMS 0x0000000701900000, 0x0000000701900000|
|  26|0x0000000701a00000, 0x0000000701afffc8, 0x0000000701b00000| 99%| O|  |TS  0|AC  0|TAMS 0x0000000701a00000, 0x0000000701a00000|
|  27|0x0000000701b00000, 0x0000000701bfffa8, 0x0000000701c00000| 99%| O|  |TS  0|AC  0|TAMS 0x0000000701b00000, 0x0000000701b00000|
|  28|0x0000000701c00000, 0x0000000701cffff8, 0x0000000701d00000| 99%| O|  |TS  0|AC  0|TAMS 0x0000000701c00000, 0x0000000701c00000|
|  29|0x0000000701d00000, 0x0000000701dffff8, 0x0000000701e00000| 99%| O|  |TS  0|AC  0|TAMS 0x0000000701d00000, 0x0000000701d00000|
|  30|0x0000000701e00000, 0x0000000701effff0, 0x0000000701f00000| 99%| O|  |TS  0|AC  0|TAMS 0x0000000701e00000, 0x0000000701e00000|
|  31|0x0000000701f00000, 0x0000000701fffff0, 0x0000000702000000| 99%| O|  |TS  0|AC  0|TAMS 0x0000000701f00000, 0x0000000701f00000|
|  32|0x0000000702000000, 0x00000007020fffd0, 0x0000000702100000| 99%| O|  |TS  0|AC  0|TAMS 0x0000000702000000, 0x0000000702000000|
|  33|0x0000000702100000, 0x00000007021fffc8, 0x0000000702200000| 99%| O|  |TS  0|AC  0|TAMS 0x0000000702100000, 0x0000000702100000|
|  34|0x0000000702200000, 0x00000007022ffff8, 0x0000000702300000| 99%| O|  |TS  0|AC  0|TAMS 0x0000000702200000, 0x0000000702200000|
|  35|0x0000000702300000, 0x00000007023ffff8, 0x0000000702400000| 99%| O|  |TS  0|AC  0|TAMS 0x0000000702300000, 0x0000000702300000|
|  36|0x0000000702400000, 0x00000007024fffe8, 0x0000000702500000| 99%| O|  |TS  0|AC  0|TAMS 0x0000000702400000, 0x0000000702400000|
|  37|0x0000000702500000, 0x00000007025fffe8, 0x0000000702600000| 99%| O|  |TS  0|AC  0|TAMS 0x0000000702500000, 0x0000000702500000|
|  38|0x0000000702600000, 0x00000007026ffff8, 0x0000000702700000| 99%| O|  |TS  0|AC  0|TAMS 0x0000000702600000, 0x0000000702600000|
|  39|0x0000000702700000, 0x00000007027ffff8, 0x0000000702800000| 99%| O|  |TS  0|AC  0|TAMS 0x0000000702700000, 0x0000000702700000|
|  40|0x0000000702800000, 0x00000007028dc240, 0x0000000702900000| 85%| O|  |TS  0|AC  0|TAMS 0x0000000702800000, 0x0000000702800000|
|  41|0x0000000702900000, 0x0000000702a00000, 0x0000000702a00000|100%| O|  |TS  0|AC  0|TAMS 0x0000000702900000, 0x0000000702900000|
|  42|0x0000000702a00000, 0x0000000702af7028, 0x0000000702b00000| 96%| O|  |TS  0|AC  0|TAMS 0x0000000702a00000, 0x0000000702a00000|
|  43|0x0000000702b00000, 0x0000000702bffff0, 0x0000000702c00000| 99%| O|  |TS  0|AC  0|TAMS 0x0000000702b00000, 0x0000000702b00000|
|  44|0x0000000702c00000, 0x0000000702cfffe0, 0x0000000702d00000| 99%| O|  |TS  0|AC  0|TAMS 0x0000000702c00000, 0x0000000702c00000|
|  45|0x0000000702d00000, 0x0000000702e00000, 0x0000000702e00000|100%|HS|  |TS  0|AC  0|TAMS 0x0000000702d00000, 0x0000000702d00000|
|  46|0x0000000702e00000, 0x0000000702f00000, 0x0000000702f00000|100%|HC|  |TS  0|AC  0|TAMS 0x0000000702e00000, 0x0000000702e00000|
|  47|0x0000000702f00000, 0x0000000703000000, 0x0000000703000000|100%|HC|  |TS  0|AC  0|TAMS 0x0000000702f00000, 0x0000000702f00000|
|  48|0x0000000703000000, 0x0000000703100000, 0x0000000703100000|100%|HC|  |TS  0|AC  0|TAMS 0x0000000703000000, 0x0000000703000000|
|  49|0x0000000703100000, 0x0000000703200000, 0x0000000703200000|100%|HC|  |TS  0|AC  0|TAMS 0x0000000703100000, 0x0000000703100000|
|  50|0x0000000703200000, 0x0000000703300000, 0x0000000703300000|100%|HC|  |TS  0|AC  0|TAMS 0x0000000703200000, 0x0000000703200000|
|  51|0x0000000703300000, 0x0000000703400000, 0x0000000703400000|100%|HC|  |TS  0|AC  0|TAMS 0x0000000703300000, 0x0000000703300000|
|  52|0x0000000703400000, 0x0000000703500000, 0x0000000703500000|100%|HC|  |TS  0|AC  0|TAMS 0x0000000703400000, 0x0000000703400000|
|  53|0x0000000703500000, 0x00000007035ffb80, 0x0000000703600000| 99%| O|  |TS  0|AC  0|TAMS 0x0000000703500000, 0x0000000703500000|
|  54|0x0000000703600000, 0x0000000703700000, 0x0000000703700000|100%| O|  |TS  0|AC  0|TAMS 0x0000000703600000, 0x0000000703600000|
|  55|0x0000000703700000, 0x00000007037ffff8, 0x0000000703800000| 99%| O|  |TS  0|AC  0|TAMS 0x0000000703700000, 0x0000000703700000|
|  56|0x0000000703800000, 0x00000007038ffff8, 0x0000000703900000| 99%| O|  |TS  0|AC  0|TAMS 0x0000000703800000, 0x0000000703800000|
|  57|0x0000000703900000, 0x00000007039fffb0, 0x0000000703a00000| 99%| O|  |TS  0|AC  0|TAMS 0x0000000703900000, 0x0000000703900000|
|  58|0x0000000703a00000, 0x0000000703affff8, 0x0000000703b00000| 99%| O|  |TS  0|AC  0|TAMS 0x0000000703a00000, 0x0000000703a00000|
|  59|0x0000000703b00000, 0x0000000703bffda0, 0x0000000703c00000| 99%| O|  |TS  0|AC  0|TAMS 0x0000000703b00000, 0x0000000703b00000|
|  60|0x0000000703c00000, 0x0000000703cfef68, 0x0000000703d00000| 99%| O|  |TS  0|AC  0|TAMS 0x0000000703c00000, 0x0000000703c00000|
|  61|0x0000000703d00000, 0x0000000703e00000, 0x0000000703e00000|100%| O|  |TS  0|AC  0|TAMS 0x0000000703d00000, 0x0000000703d00000|
|  62|0x0000000703e00000, 0x0000000703f00000, 0x0000000703f00000|100%| O|  |TS  0|AC  0|TAMS 0x0000000703e00000, 0x0000000703e00000|
|  63|0x0000000703f00000, 0x0000000703fffff8, 0x0000000704000000| 99%| O|  |TS  0|AC  0|TAMS 0x0000000703f00000, 0x0000000703f00000|
|  64|0x0000000704000000, 0x00000007040ffe98, 0x0000000704100000| 99%| O|  |TS  0|AC  0|TAMS 0x0000000704000000, 0x0000000704000000|
|  65|0x0000000704100000, 0x00000007041ff6c0, 0x0000000704200000| 99%| O|  |TS  0|AC  0|TAMS 0x0000000704100000, 0x0000000704100000|
|  66|0x0000000704200000, 0x00000007042fffe8, 0x0000000704300000| 99%| O|  |TS  0|AC  0|TAMS 0x0000000704200000, 0x0000000704200000|
|  67|0x0000000704300000, 0x000000070439cc38, 0x0000000704400000| 61%| O|  |TS  0|AC  0|TAMS 0x0000000704300000, 0x0000000704300000|
|  68|0x0000000704400000, 0x0000000704400000, 0x0000000704500000|  0%| F|  |TS  0|AC  0|TAMS 0x0000000704400000, 0x0000000704400000|
|  69|0x0000000704500000, 0x0000000704500000, 0x0000000704600000|  0%| F|  |TS  0|AC  0|TAMS 0x0000000704500000, 0x0000000704500000|
|  70|0x0000000704600000, 0x0000000704700000, 0x0000000704700000|100%|HS|  |TS  0|AC  0|TAMS 0x0000000704600000, 0x0000000704600000|
|  71|0x0000000704700000, 0x0000000704700000, 0x0000000704800000|  0%| F|  |TS  0|AC  0|TAMS 0x0000000704700000, 0x0000000704700000|
|  72|0x0000000704800000, 0x0000000704800000, 0x0000000704900000|  0%| F|  |TS  0|AC  0|TAMS 0x0000000704800000, 0x0000000704800000|
|  73|0x0000000704900000, 0x0000000704900000, 0x0000000704a00000|  0%| F|  |TS  0|AC  0|TAMS 0x0000000704900000, 0x0000000704900000|
|  74|0x0000000704a00000, 0x0000000704a00000, 0x0000000704b00000|  0%| F|  |TS  0|AC  0|TAMS 0x0000000704a00000, 0x0000000704a00000|
|  75|0x0000000704b00000, 0x0000000704b00000, 0x0000000704c00000|  0%| F|  |TS  0|AC  0|TAMS 0x0000000704b00000, 0x0000000704b00000|
|  76|0x0000000704c00000, 0x0000000704c00000, 0x0000000704d00000|  0%| F|  |TS  0|AC  0|TAMS 0x0000000704c00000, 0x0000000704c00000|
|  77|0x0000000704d00000, 0x0000000704d00000, 0x0000000704e00000|  0%| F|  |TS  0|AC  0|TAMS 0x0000000704d00000, 0x0000000704d00000|
|  78|0x0000000704e00000, 0x0000000704e00000, 0x0000000704f00000|  0%| F|  |TS  0|AC  0|TAMS 0x0000000704e00000, 0x0000000704e00000|
|  79|0x0000000704f00000, 0x0000000704f00000, 0x0000000705000000|  0%| F|  |TS  0|AC  0|TAMS 0x0000000704f00000, 0x0000000704f00000|
|  80|0x0000000705000000, 0x0000000705000000, 0x0000000705100000|  0%| F|  |TS  0|AC  0|TAMS 0x0000000705000000, 0x0000000705000000|
|  81|0x0000000705100000, 0x0000000705100000, 0x0000000705200000|  0%| F|  |TS  0|AC  0|TAMS 0x0000000705100000, 0x0000000705100000|
|  82|0x0000000705200000, 0x0000000705200000, 0x0000000705300000|  0%| F|  |TS  0|AC  0|TAMS 0x0000000705200000, 0x0000000705200000|
|  83|0x0000000705300000, 0x0000000705300000, 0x0000000705400000|  0%| F|  |TS  0|AC  0|TAMS 0x0000000705300000, 0x0000000705300000|
|  84|0x0000000705400000, 0x0000000705400000, 0x0000000705500000|  0%| F|  |TS  0|AC  0|TAMS 0x0000000705400000, 0x0000000705400000|
|  85|0x0000000705500000, 0x0000000705500000, 0x0000000705600000|  0%| F|  |TS  0|AC  0|TAMS 0x0000000705500000, 0x0000000705500000|
|  86|0x0000000705600000, 0x0000000705600000, 0x0000000705700000|  0%| F|  |TS  0|AC  0|TAMS 0x0000000705600000, 0x0000000705600000|
|  87|0x0000000705700000, 0x0000000705700000, 0x0000000705800000|  0%| F|  |TS  0|AC  0|TAMS 0x0000000705700000, 0x0000000705700000|
|  88|0x0000000705800000, 0x0000000705800000, 0x0000000705900000|  0%| F|  |TS  0|AC  0|TAMS 0x0000000705800000, 0x0000000705800000|
|  89|0x0000000705900000, 0x0000000705900000, 0x0000000705a00000|  0%| F|  |TS  0|AC  0|TAMS 0x0000000705900000, 0x0000000705900000|
|  90|0x0000000705a00000, 0x0000000705a00000, 0x0000000705b00000|  0%| F|  |TS  0|AC  0|TAMS 0x0000000705a00000, 0x0000000705a00000|
|  91|0x0000000705b00000, 0x0000000705b00000, 0x0000000705c00000|  0%| F|  |TS  0|AC  0|TAMS 0x0000000705b00000, 0x0000000705b00000|
|  92|0x0000000705c00000, 0x0000000705c00000, 0x0000000705d00000|  0%| F|  |TS  0|AC  0|TAMS 0x0000000705c00000, 0x0000000705c00000|
|  93|0x0000000705d00000, 0x0000000705d00000, 0x0000000705e00000|  0%| F|  |TS  0|AC  0|TAMS 0x0000000705d00000, 0x0000000705d00000|
|  94|0x0000000705e00000, 0x0000000705e00000, 0x0000000705f00000|  0%| F|  |TS  0|AC  0|TAMS 0x0000000705e00000, 0x0000000705e00000|
|  95|0x0000000705f00000, 0x0000000705f00000, 0x0000000706000000|  0%| F|  |TS  0|AC  0|TAMS 0x0000000705f00000, 0x0000000705f00000|
|  96|0x0000000706000000, 0x0000000706000000, 0x0000000706100000|  0%| F|  |TS  0|AC  0|TAMS 0x0000000706000000, 0x0000000706000000|
|  97|0x0000000706100000, 0x0000000706163d30, 0x0000000706200000| 38%| E|  |TS  0|AC  0|TAMS 0x0000000706100000, 0x0000000706100000|
|  98|0x0000000706200000, 0x0000000706300000, 0x0000000706300000|100%| E|CS|TS  0|AC  0|TAMS 0x0000000706200000, 0x0000000706200000|
|  99|0x0000000706300000, 0x0000000706400000, 0x0000000706400000|100%| E|CS|TS  0|AC  0|TAMS 0x0000000706300000, 0x0000000706300000|
| 100|0x0000000706400000, 0x0000000706500000, 0x0000000706500000|100%| E|CS|TS  0|AC  0|TAMS 0x0000000706400000, 0x0000000706400000|
| 101|0x0000000706500000, 0x0000000706600000, 0x0000000706600000|100%| E|CS|TS  0|AC  0|TAMS 0x0000000706500000, 0x0000000706500000|
| 102|0x0000000706600000, 0x0000000706700000, 0x0000000706700000|100%| E|CS|TS  0|AC  0|TAMS 0x0000000706600000, 0x0000000706600000|
| 103|0x0000000706700000, 0x0000000706800000, 0x0000000706800000|100%| E|CS|TS  0|AC  0|TAMS 0x0000000706700000, 0x0000000706700000|
| 104|0x0000000706800000, 0x0000000706900000, 0x0000000706900000|100%| E|CS|TS  0|AC  0|TAMS 0x0000000706800000, 0x0000000706800000|
| 105|0x0000000706900000, 0x0000000706a00000, 0x0000000706a00000|100%| E|CS|TS  0|AC  0|TAMS 0x0000000706900000, 0x0000000706900000|
| 106|0x0000000706a00000, 0x0000000706b00000, 0x0000000706b00000|100%| E|CS|TS  0|AC  0|TAMS 0x0000000706a00000, 0x0000000706a00000|
| 107|0x0000000706b00000, 0x0000000706c00000, 0x0000000706c00000|100%| E|CS|TS  0|AC  0|TAMS 0x0000000706b00000, 0x0000000706b00000|
| 108|0x0000000706c00000, 0x0000000706d00000, 0x0000000706d00000|100%| E|CS|TS  0|AC  0|TAMS 0x0000000706c00000, 0x0000000706c00000|
| 109|0x0000000706d00000, 0x0000000706e00000, 0x0000000706e00000|100%| E|CS|TS  0|AC  0|TAMS 0x0000000706d00000, 0x0000000706d00000|
| 110|0x0000000706e00000, 0x0000000706f00000, 0x0000000706f00000|100%| E|CS|TS  0|AC  0|TAMS 0x0000000706e00000, 0x0000000706e00000|
| 111|0x0000000706f00000, 0x0000000707000000, 0x0000000707000000|100%| E|CS|TS  0|AC  0|TAMS 0x0000000706f00000, 0x0000000706f00000|
| 112|0x0000000707000000, 0x0000000707100000, 0x0000000707100000|100%| E|CS|TS  0|AC  0|TAMS 0x0000000707000000, 0x0000000707000000|
| 113|0x0000000707100000, 0x0000000707200000, 0x0000000707200000|100%| E|CS|TS  0|AC  0|TAMS 0x0000000707100000, 0x0000000707100000|
| 114|0x0000000707200000, 0x0000000707300000, 0x0000000707300000|100%| E|CS|TS  0|AC  0|TAMS 0x0000000707200000, 0x0000000707200000|
| 115|0x0000000707300000, 0x0000000707400000, 0x0000000707400000|100%| E|CS|TS  0|AC  0|TAMS 0x0000000707300000, 0x0000000707300000|
| 116|0x0000000707400000, 0x0000000707500000, 0x0000000707500000|100%| E|CS|TS  0|AC  0|TAMS 0x0000000707400000, 0x0000000707400000|
| 117|0x0000000707500000, 0x0000000707600000, 0x0000000707600000|100%| E|CS|TS  0|AC  0|TAMS 0x0000000707500000, 0x0000000707500000|
| 118|0x0000000707600000, 0x0000000707700000, 0x0000000707700000|100%| E|CS|TS  0|AC  0|TAMS 0x0000000707600000, 0x0000000707600000|
| 119|0x0000000707700000, 0x0000000707800000, 0x0000000707800000|100%| E|CS|TS  0|AC  0|TAMS 0x0000000707700000, 0x0000000707700000|
| 120|0x0000000707800000, 0x0000000707900000, 0x0000000707900000|100%| E|CS|TS  0|AC  0|TAMS 0x0000000707800000, 0x0000000707800000|
| 121|0x0000000707900000, 0x0000000707a00000, 0x0000000707a00000|100%| E|CS|TS  0|AC  0|TAMS 0x0000000707900000, 0x0000000707900000|
| 122|0x0000000707a00000, 0x0000000707b00000, 0x0000000707b00000|100%| E|CS|TS  0|AC  0|TAMS 0x0000000707a00000, 0x0000000707a00000|
| 123|0x0000000707b00000, 0x0000000707c00000, 0x0000000707c00000|100%| E|CS|TS  0|AC  0|TAMS 0x0000000707b00000, 0x0000000707b00000|
| 124|0x0000000707c00000, 0x0000000707d00000, 0x0000000707d00000|100%| E|CS|TS  0|AC  0|TAMS 0x0000000707c00000, 0x0000000707c00000|
| 125|0x0000000707d00000, 0x0000000707e00000, 0x0000000707e00000|100%| E|CS|TS  0|AC  0|TAMS 0x0000000707d00000, 0x0000000707d00000|
| 126|0x0000000707e00000, 0x0000000707f00000, 0x0000000707f00000|100%| E|CS|TS  0|AC  0|TAMS 0x0000000707e00000, 0x0000000707e00000|
| 127|0x0000000707f00000, 0x0000000708000000, 0x0000000708000000|100%| E|CS|TS  0|AC  0|TAMS 0x0000000707f00000, 0x0000000707f00000|
| 128|0x0000000708000000, 0x0000000708100000, 0x0000000708100000|100%| E|CS|TS  0|AC  0|TAMS 0x0000000708000000, 0x0000000708000000|
| 129|0x0000000708100000, 0x0000000708200000, 0x0000000708200000|100%| E|CS|TS  0|AC  0|TAMS 0x0000000708100000, 0x0000000708100000|
| 130|0x0000000708200000, 0x0000000708300000, 0x0000000708300000|100%| E|CS|TS  0|AC  0|TAMS 0x0000000708200000, 0x0000000708200000|
| 131|0x0000000708300000, 0x0000000708400000, 0x0000000708400000|100%| E|CS|TS  0|AC  0|TAMS 0x0000000708300000, 0x0000000708300000|
| 132|0x0000000708400000, 0x0000000708500000, 0x0000000708500000|100%| E|CS|TS  0|AC  0|TAMS 0x0000000708400000, 0x0000000708400000|
| 133|0x0000000708500000, 0x0000000708600000, 0x0000000708600000|100%| E|CS|TS  0|AC  0|TAMS 0x0000000708500000, 0x0000000708500000|
| 134|0x0000000708600000, 0x0000000708700000, 0x0000000708700000|100%| E|CS|TS  0|AC  0|TAMS 0x0000000708600000, 0x0000000708600000|
| 135|0x0000000708700000, 0x0000000708800000, 0x0000000708800000|100%| E|CS|TS  0|AC  0|TAMS 0x0000000708700000, 0x0000000708700000|
| 136|0x0000000708800000, 0x0000000708900000, 0x0000000708900000|100%| E|CS|TS  0|AC  0|TAMS 0x0000000708800000, 0x0000000708800000|
| 137|0x0000000708900000, 0x0000000708a00000, 0x0000000708a00000|100%| E|CS|TS  0|AC  0|TAMS 0x0000000708900000, 0x0000000708900000|
| 138|0x0000000708a00000, 0x0000000708b00000, 0x0000000708b00000|100%| E|CS|TS  0|AC  0|TAMS 0x0000000708a00000, 0x0000000708a00000|
| 139|0x0000000708b00000, 0x0000000708c00000, 0x0000000708c00000|100%| E|CS|TS  0|AC  0|TAMS 0x0000000708b00000, 0x0000000708b00000|
| 140|0x0000000708c00000, 0x0000000708d00000, 0x0000000708d00000|100%| E|CS|TS  0|AC  0|TAMS 0x0000000708c00000, 0x0000000708c00000|
| 141|0x0000000708d00000, 0x0000000708e00000, 0x0000000708e00000|100%| E|CS|TS  0|AC  0|TAMS 0x0000000708d00000, 0x0000000708d00000|
| 142|0x0000000708e00000, 0x0000000708f00000, 0x0000000708f00000|100%| E|CS|TS  0|AC  0|TAMS 0x0000000708e00000, 0x0000000708e00000|
| 143|0x0000000708f00000, 0x0000000709000000, 0x0000000709000000|100%| E|CS|TS  0|AC  0|TAMS 0x0000000708f00000, 0x0000000708f00000|
| 144|0x0000000709000000, 0x0000000709100000, 0x0000000709100000|100%| E|CS|TS  0|AC  0|TAMS 0x0000000709000000, 0x0000000709000000|
| 145|0x0000000709100000, 0x0000000709200000, 0x0000000709200000|100%| E|CS|TS  0|AC  0|TAMS 0x0000000709100000, 0x0000000709100000|
| 146|0x0000000709200000, 0x0000000709300000, 0x0000000709300000|100%| E|CS|TS  0|AC  0|TAMS 0x0000000709200000, 0x0000000709200000|
| 147|0x0000000709300000, 0x0000000709400000, 0x0000000709400000|100%| E|CS|TS  0|AC  0|TAMS 0x0000000709300000, 0x0000000709300000|
| 148|0x0000000709400000, 0x0000000709500000, 0x0000000709500000|100%| E|CS|TS  0|AC  0|TAMS 0x0000000709400000, 0x0000000709400000|
| 149|0x0000000709500000, 0x0000000709600000, 0x0000000709600000|100%| E|CS|TS  0|AC  0|TAMS 0x0000000709500000, 0x0000000709500000|
| 150|0x0000000709600000, 0x0000000709700000, 0x0000000709700000|100%| E|CS|TS  0|AC  0|TAMS 0x0000000709600000, 0x0000000709600000|
| 151|0x0000000709700000, 0x0000000709800000, 0x0000000709800000|100%| E|CS|TS  0|AC  0|TAMS 0x0000000709700000, 0x0000000709700000|
| 152|0x0000000709800000, 0x0000000709900000, 0x0000000709900000|100%| E|CS|TS  0|AC  0|TAMS 0x0000000709800000, 0x0000000709800000|
| 153|0x0000000709900000, 0x0000000709a00000, 0x0000000709a00000|100%| E|CS|TS  0|AC  0|TAMS 0x0000000709900000, 0x0000000709900000|

Card table byte_map: [0x000001fa86a00000,0x000001fa87000000] byte_map_base: 0x000001fa83200000

Marking Bits (Prev, Next): (CMBitMap*) 0x000001fa89c26910, (CMBitMap*) 0x000001fa89c26948
 Prev Bits: [0x000001faa0030000, 0x000001faa3030000)
 Next Bits: [0x000001faa3030000, 0x000001faa6030000)

Polling page: 0x000001fa813d0000

CodeHeap 'non-profiled nmethods': size=120000Kb used=20282Kb max_used=20282Kb free=99717Kb
 bounds [0x000001fa98b00000, 0x000001fa99ee0000, 0x000001faa0030000]
CodeHeap 'profiled nmethods': size=120000Kb used=41240Kb max_used=41240Kb free=78759Kb
 bounds [0x000001fa915d0000, 0x000001fa93e50000, 0x000001fa98b00000]
CodeHeap 'non-nmethods': size=5760Kb used=1739Kb max_used=1795Kb free=4020Kb
 bounds [0x000001fa91030000, 0x000001fa912a0000, 0x000001fa915d0000]
 total_blobs=28989 nmethods=16493 adapters=1050
 compilation: enabled

Compilation events (10 events):
Event: 1236.712 Thread 0x000001fa8686c800 nmethod 20057 0x000001fa93e43610 code [0x000001fa93e437e0, 0x000001fa93e43a50]
Event: 1239.189 Thread 0x000001fa8686c800 20058       3       java.lang.invoke.MethodType::makeImpl (66 bytes)
Event: 1239.506 Thread 0x000001fa86867000 20059       4       java.lang.invoke.InvokerBytecodeGenerator::addMethod (686 bytes)
Event: 1239.691 Thread 0x000001fa8686c800 nmethod 20058 0x000001fa93e43b10 code [0x000001fa93e43d60, 0x000001fa93e446b0]
Event: 1240.125 Thread 0x000001fa8686c800 20062   !   3       java.util.concurrent.ConcurrentHashMap::putVal (433 bytes)
Event: 1240.193 Thread 0x000001fa8686c800 nmethod 20062 0x000001fa93e44910 code [0x000001fa93e44ca0, 0x000001fa93e46f80]
Event: 1240.652 Thread 0x000001fa8686c800 20069       3       ui.views.waveform.executive.protobuf.WVPrefs$WVTimeValuePrefs$Units::valueOf (5 bytes)
Event: 1240.679 Thread 0x000001fa8686c800 nmethod 20069 0x000001fa93e47a10 code [0x000001fa93e47bc0, 0x000001fa93e47d30]
Event: 1240.679 Thread 0x000001fa8686c800 20070       3       ui.views.waveform.executive.protobuf.WVPrefs$WVTimeValuePrefs$Units::forNumber (90 bytes)
Event: 1240.695 Thread 0x000001fa8686c800 nmethod 20070 0x000001fa93e47e10 code [0x000001fa93e47fe0, 0x000001fa93e48238]

GC Heap History (10 events):
Event: 1170.869 GC heap before
{Heap before GC invocations=114 (full 3):
 garbage-first heap   total 157696K, used 129241K [0x0000000700000000, 0x00000007001004d0, 0x00000007c0000000)
  region size 1024K, 60 young (61440K), 5 survivors (5120K)
 Metaspace       used 80424K, capacity 85815K, committed 86012K, reserved 1124352K
  class space    used 10963K, capacity 11902K, committed 12028K, reserved 1048576K
}
Event: 1170.874 GC heap after
{Heap after GC invocations=115 (full 3):
 garbage-first heap   total 157696K, used 74351K [0x0000000700000000, 0x00000007001004d0, 0x00000007c0000000)
  region size 1024K, 4 young (4096K), 4 survivors (4096K)
 Metaspace       used 80424K, capacity 85815K, committed 86012K, reserved 1124352K
  class space    used 10963K, capacity 11902K, committed 12028K, reserved 1048576K
}
Event: 1170.991 GC heap before
{Heap before GC invocations=115 (full 3):
 garbage-first heap   total 157696K, used 131695K [0x0000000700000000, 0x00000007001004d0, 0x00000007c0000000)
  region size 1024K, 60 young (61440K), 4 survivors (4096K)
 Metaspace       used 80438K, capacity 85815K, committed 86012K, reserved 1124352K
  class space    used 10963K, capacity 11902K, committed 12028K, reserved 1048576K
}
Event: 1170.996 GC heap after
{Heap after GC invocations=116 (full 3):
 garbage-first heap   total 157696K, used 74328K [0x0000000700000000, 0x00000007001004d0, 0x00000007c0000000)
  region size 1024K, 4 young (4096K), 4 survivors (4096K)
 Metaspace       used 80438K, capacity 85815K, committed 86012K, reserved 1124352K
  class space    used 10963K, capacity 11902K, committed 12028K, reserved 1048576K
}
Event: 1171.313 GC heap before
{Heap before GC invocations=117 (full 3):
 garbage-first heap   total 157696K, used 131672K [0x0000000700000000, 0x00000007001004d0, 0x00000007c0000000)
  region size 1024K, 60 young (61440K), 4 survivors (4096K)
 Metaspace       used 80561K, capacity 85967K, committed 86268K, reserved 1124352K
  class space    used 10965K, capacity 11906K, committed 12028K, reserved 1048576K
}
Event: 1171.317 GC heap after
{Heap after GC invocations=118 (full 3):
 garbage-first heap   total 157696K, used 73785K [0x0000000700000000, 0x00000007001004d0, 0x00000007c0000000)
  region size 1024K, 5 young (5120K), 5 survivors (5120K)
 Metaspace       used 80561K, capacity 85967K, committed 86268K, reserved 1124352K
  class space    used 10965K, capacity 11906K, committed 12028K, reserved 1048576K
}
Event: 1171.370 GC heap before
{Heap before GC invocations=118 (full 3):
 garbage-first heap   total 157696K, used 88121K [0x0000000700000000, 0x00000007001004d0, 0x00000007c0000000)
  region size 1024K, 20 young (20480K), 5 survivors (5120K)
 Metaspace       used 80561K, capacity 85967K, committed 86268K, reserved 1124352K
  class space    used 10965K, capacity 11906K, committed 12028K, reserved 1048576K
}
Event: 1171.374 GC heap after
{Heap after GC invocations=119 (full 3):
 garbage-first heap   total 157696K, used 73989K [0x0000000700000000, 0x00000007001004d0, 0x00000007c0000000)
  region size 1024K, 5 young (5120K), 5 survivors (5120K)
 Metaspace       used 80561K, capacity 85967K, committed 86268K, reserved 1124352K
  class space    used 10965K, capacity 11906K, committed 12028K, reserved 1048576K
}
Event: 1171.436 GC heap before
{Heap before GC invocations=120 (full 3):
 garbage-first heap   total 157696K, used 78085K [0x0000000700000000, 0x00000007001004d0, 0x00000007c0000000)
  region size 1024K, 8 young (8192K), 5 survivors (5120K)
 Metaspace       used 80572K, capacity 85967K, committed 86268K, reserved 1124352K
  class space    used 10965K, capacity 11906K, committed 12028K, reserved 1048576K
}
Event: 1171.589 GC heap after
{Heap after GC invocations=121 (full 4):
 garbage-first heap   total 157696K, used 69878K [0x0000000700000000, 0x00000007001004d0, 0x00000007c0000000)
  region size 1024K, 0 young (0K), 0 survivors (0K)
 Metaspace       used 80572K, capacity 85967K, committed 86268K, reserved 1124352K
  class space    used 10965K, capacity 11906K, committed 12028K, reserved 1048576K
}

Deoptimization events (10 events):
Event: 1163.062 Thread 0x000001faa89e1000 Uncommon trap: reason=class_check action=maybe_recompile pc=0x000001fa996f61c4 method=java.awt.Component.removeNotify()V @ 301 c2
Event: 1163.079 Thread 0x000001faa89e1000 Uncommon trap: reason=class_check action=maybe_recompile pc=0x000001fa99c4e608 method=javax.swing.RepaintManager.scheduleHeavyWeightPaints()V @ 72 c2
Event: 1163.079 Thread 0x000001faa89e1000 Uncommon trap: reason=class_check action=maybe_recompile pc=0x000001fa99c02b64 method=javax.swing.RepaintManager$4.run()Ljava/lang/Void; @ 91 c2
Event: 1163.080 Thread 0x000001faa89e1000 Uncommon trap: reason=class_check action=maybe_recompile pc=0x000001fa99687154 method=javax.swing.RepaintManager.updateWindows(Ljava/util/Map;)V @ 79 c2
Event: 1163.438 Thread 0x000001faa89e1000 Uncommon trap: reason=bimorphic_or_optimized_type_check action=maybe_recompile pc=0x000001fa9963053c method=com.jidesoft.grid.TreeTable.getCellRenderer(II)Ljavax/swing/table/TableCellRenderer; @ 27 c2
Event: 1163.452 Thread 0x000001faa89e1000 Uncommon trap: reason=bimorphic_or_optimized_type_check action=maybe_recompile pc=0x000001fa99ceb4dc method=java.awt.Component.processEvent(Ljava/awt/AWTEvent;)V @ 121 c2
Event: 1237.335 Thread 0x000001faa89e1000 Uncommon trap: reason=unstable_if action=reinterpret pc=0x000001fa99df0134 method=ui.utils.C.actionPerformed(Ljava/awt/event/ActionEvent;)V @ 41 c2
Event: 1237.793 Thread 0x000001faa89e1000 Uncommon trap: reason=unstable_if action=reinterpret pc=0x000001fa98e40168 method=java.util.concurrent.ConcurrentHashMap.putVal(Ljava/lang/Object;Ljava/lang/Object;Z)Ljava/lang/Object; @ 97 c2
Event: 1237.856 Thread 0x000001faa89e1000 Uncommon trap: reason=unstable_if action=reinterpret pc=0x000001fa98dee6a8 method=java.lang.invoke.MethodType$ConcurrentWeakInternSet.add(Ljava/lang/Object;)Ljava/lang/Object; @ 47 c2
Event: 1237.886 Thread 0x000001faa89e1000 Uncommon trap: reason=unstable_if action=reinterpret pc=0x000001fa98debba8 method=java.lang.invoke.MethodType$ConcurrentWeakInternSet.add(Ljava/lang/Object;)Ljava/lang/Object; @ 47 c2

Classes redefined (0 events):
No events

Internal exceptions (10 events):
Event: 1069.799 Thread 0x000001faa89e1000 Implicit null exception at 0x000001fa99af4d00 to 0x000001fa99af59d5
Event: 1077.881 Thread 0x000001faa89e1000 Implicit null exception at 0x000001fa99150962 to 0x000001fa99154f65
Event: 1078.221 Thread 0x000001fa8686f800 Implicit null exception at 0x000001fa996c7784 to 0x000001fa996c9675
Event: 1170.682 Thread 0x000001fab1afe000 Exception <a 'java/lang/InterruptedException'{0x00000007098150f0}: sleep interrupted> (0x00000007098150f0) thrown at [t:/workspace/hotspot/src/share/vm/prims/jvm.cpp, line 2984]
Event: 1240.141 Thread 0x000001fab1af9000 Exception <a 'java/lang/NoSuchMethodError'{0x00000007062c5838}: java.lang.invoke.DirectMethodHandle$Holder.invokeSpecial(Ljava/lang/Object;Ljava/lang/Object;IILjava/lang/Object;JI)Ljava/lang/Object;> (0x00000007062c5838) thrown at [t:/workspace/hotspot/sr
Event: 1240.164 Thread 0x000001faa89e1000 Exception <a 'java/lang/NoSuchMethodError'{0x000000070622d828}: java.lang.invoke.DirectMethodHandle$Holder.invokeSpecial(Ljava/lang/Object;Ljava/lang/Object;IILjava/lang/Object;JI)Ljava/lang/Object;> (0x000000070622d828) thrown at [t:/workspace/hotspot/sr
Event: 1240.255 Thread 0x000001fab1af9000 Exception <a 'java/lang/NoSuchMethodError'{0x00000007062cf688}: java.lang.invoke.DelegatingMethodHandle$Holder.reinvoke_L(Ljava/lang/Object;IILjava/lang/Object;JI)Ljava/lang/Object;> (0x00000007062cf688) thrown at [t:/workspace/hotspot/src/share/vm/interp
Event: 1240.255 Thread 0x000001faa89e1000 Exception <a 'java/lang/NoSuchMethodError'{0x0000000706230c70}: java.lang.invoke.DelegatingMethodHandle$Holder.reinvoke_L(Ljava/lang/Object;IILjava/lang/Object;JI)Ljava/lang/Object;> (0x0000000706230c70) thrown at [t:/workspace/hotspot/src/share/vm/interp
Event: 1240.491 Thread 0x000001fab1af9000 Exception <a 'java/lang/NoSuchMethodError'{0x00000007062ff8e8}: method resolution failed> (0x00000007062ff8e8) thrown at [t:/workspace/hotspot/src/share/vm/prims/methodHandles.cpp, line 1256]
Event: 1240.491 Thread 0x000001faa89e1000 Exception <a 'java/lang/NoSuchMethodError'{0x000000070624aec0}: method resolution failed> (0x000000070624aec0) thrown at [t:/workspace/hotspot/src/share/vm/prims/methodHandles.cpp, line 1256]

Events (10 events):
Event: 1240.535 Executing VM operation: RevokeBias
Event: 1240.550 Executing VM operation: RevokeBias done
Event: 1240.550 Executing VM operation: RevokeBias
Event: 1240.550 Executing VM operation: RevokeBias done
Event: 1240.550 Executing VM operation: RevokeBias
Event: 1240.550 Executing VM operation: RevokeBias done
Event: 1241.322 Thread 0x000001fab1aff000 Thread added: 0x000001fab1aff000
Event: 1241.330 Executing VM operation: RevokeBias
Event: 1241.356 Executing VM operation: RevokeBias done
Event: 1241.356 Thread 0x000001fab1aff000 Thread exited: 0x000001fab1aff000


Dynamic libraries:
0x00007ff728e70000 - 0x00007ff728ea0000 	C:\Xilinx\Vivado\2019.1\bin\unwrapped\win64.o\vivado.exe
0x00007ffda6260000 - 0x00007ffda6441000 	C:\WINDOWS\SYSTEM32\ntdll.dll
0x00007ffda5f20000 - 0x00007ffda5fd1000 	C:\WINDOWS\System32\KERNEL32.DLL
0x00007ffda2620000 - 0x00007ffda2893000 	C:\WINDOWS\System32\KERNELBASE.dll
0x00007ffda3380000 - 0x00007ffda3478000 	C:\WINDOWS\System32\ucrtbase.dll
0x00007ffd9e8f0000 - 0x00007ffd9e904000 	C:\Xilinx\Vivado\2019.1\lib\win64.o\libboost_signals.dll
0x00007ffd90490000 - 0x00007ffd90529000 	C:\WINDOWS\SYSTEM32\MSVCP140.dll
0x00007ffd9c920000 - 0x00007ffd9c934000 	C:\Xilinx\Vivado\2019.1\lib\win64.o\librdi_commonmain.dll
0x00007ffd4fac0000 - 0x00007ffd509a2000 	C:\Xilinx\Vivado\2019.1\lib\win64.o\librdi_common.dll
0x00007ffd90530000 - 0x00007ffd90546000 	C:\WINDOWS\SYSTEM32\VCRUNTIME140.dll
0x00007ffda52e0000 - 0x00007ffda5470000 	C:\WINDOWS\System32\USER32.dll
0x00007ffda3480000 - 0x00007ffda34a0000 	C:\WINDOWS\System32\win32u.dll
0x00007ffda5d10000 - 0x00007ffda5d38000 	C:\WINDOWS\System32\GDI32.dll
0x00007ffda34a0000 - 0x00007ffda3631000 	C:\WINDOWS\System32\gdi32full.dll
0x00007ffd92110000 - 0x00007ffd92136000 	C:\Xilinx\Vivado\2019.1\lib\win64.o\libboost_filesystem.dll
0x00007ffda3640000 - 0x00007ffda36df000 	C:\WINDOWS\System32\msvcp_win.dll
0x00007ffda5010000 - 0x00007ffda50b1000 	C:\WINDOWS\System32\ADVAPI32.dll
0x00007ffda3770000 - 0x00007ffda4bb2000 	C:\WINDOWS\System32\SHELL32.dll
0x00007ffd9e8b0000 - 0x00007ffd9e8ba000 	C:\Xilinx\Vivado\2019.1\lib\win64.o\librdi_commonversion.dll
0x00007ffda5a30000 - 0x00007ffda5ace000 	C:\WINDOWS\System32\msvcrt.dll
0x00007ffda2980000 - 0x00007ffda29c9000 	C:\WINDOWS\System32\cfgmgr32.dll
0x00007ffda5280000 - 0x00007ffda52db000 	C:\WINDOWS\System32\sechost.dll
0x00007ffda5d40000 - 0x00007ffda5e64000 	C:\WINDOWS\System32\RPCRT4.dll
0x00007ffda5e70000 - 0x00007ffda5f19000 	C:\WINDOWS\System32\shcore.dll
0x00007ffd76d30000 - 0x00007ffd76e51000 	C:\Xilinx\Vivado\2019.1\lib\win64.o\librdi_commonxillic.dll
0x00007ffda5470000 - 0x00007ffda5791000 	C:\WINDOWS\System32\combase.dll
0x00007ffda2900000 - 0x00007ffda2979000 	C:\WINDOWS\System32\bcryptPrimitives.dll
0x0000000052910000 - 0x0000000052a3b000 	C:\Xilinx\Vivado\2019.1\lib\win64.o\tcl85t.dll
0x00007ffda2a80000 - 0x00007ffda318e000 	C:\WINDOWS\System32\windows.storage.dll
0x00007ffda6060000 - 0x00007ffda60cc000 	C:\WINDOWS\System32\WS2_32.dll
0x00007ffda5220000 - 0x00007ffda5271000 	C:\WINDOWS\System32\shlwapi.dll
0x00007ffd649b0000 - 0x00007ffd64d1e000 	C:\Xilinx\Vivado\2019.1\lib\win64.o\libCOIN-all.dll
0x00007ffda2570000 - 0x00007ffda2581000 	C:\WINDOWS\System32\kernel.appcore.dll
0x00007ffd95650000 - 0x00007ffd95664000 	C:\Xilinx\Vivado\2019.1\lib\win64.o\libboost_date_time.dll
0x00007ffda25b0000 - 0x00007ffda25cf000 	C:\WINDOWS\System32\profapi.dll
0x00007ffda25d0000 - 0x00007ffda261c000 	C:\WINDOWS\System32\powrprof.dll
0x00007ffda2560000 - 0x00007ffda256a000 	C:\WINDOWS\System32\FLTLIB.DLL
0x00007ffd90fb0000 - 0x00007ffd9102f000 	C:\Xilinx\Vivado\2019.1\lib\win64.o\libboost_program_options.dll
0x00007ffd69de0000 - 0x00007ffd69ef4000 	C:\Xilinx\Vivado\2019.1\lib\win64.o\libboost_regex.dll
0x00007ffd9dac0000 - 0x00007ffd9dacb000 	C:\Xilinx\Vivado\2019.1\lib\win64.o\libboost_system.dll
0x00007ffd91dc0000 - 0x00007ffd91de1000 	C:\Xilinx\Vivado\2019.1\lib\win64.o\libboost_thread.dll
0x00007ffd9c910000 - 0x00007ffd9c91f000 	C:\Xilinx\Vivado\2019.1\lib\win64.o\libboost_xilinx.dll
0x00007ffd7fe90000 - 0x00007ffd7ff12000 	C:\Xilinx\Vivado\2019.1\lib\win64.o\libhdlpsolve.dll
0x00007ffd7c770000 - 0x00007ffd7c815000 	C:\Xilinx\Vivado\2019.1\lib\win64.o\libhdxml.dll
0x00007ffd91c20000 - 0x00007ffd91c4e000 	C:\Xilinx\Vivado\2019.1\lib\win64.o\libisl_sysinfo.dll
0x00007ffd4ef10000 - 0x00007ffd4fabf400 	C:\Xilinx\Vivado\2019.1\lib\win64.o\libisl_iostreams.dll
0x00007ffd864a0000 - 0x00007ffd86505000 	C:\Xilinx\Vivado\2019.1\lib\win64.o\liblmx6.0.dll
0x00007ffd92240000 - 0x00007ffd9225a000 	C:\Xilinx\Vivado\2019.1\lib\win64.o\pthreadVC2.dll
0x00007ffd920f0000 - 0x00007ffd9210c000 	C:\Xilinx\Vivado\2019.1\lib\win64.o\librdiconfig.dll
0x00007ffd90f80000 - 0x00007ffd90fa1000 	C:\Xilinx\Vivado\2019.1\lib\win64.o\librdizlib.dll
0x0000000012000000 - 0x0000000012270000 	C:\Xilinx\Vivado\2019.1\lib\win64.o\xerces-c_3_1.dll
0x00007ffd8d5c0000 - 0x00007ffd8d5d7000 	C:\WINDOWS\SYSTEM32\NETAPI32.dll
0x00007ffd8ec40000 - 0x00007ffd8f0fd000 	C:\WINDOWS\SYSTEM32\WININET.dll
0x00007ffd99530000 - 0x00007ffd9960d000 	C:\WINDOWS\SYSTEM32\WINHTTP.dll
0x00007ffd93a90000 - 0x00007ffd93c5a000 	C:\WINDOWS\SYSTEM32\urlmon.dll
0x00007ffd54190000 - 0x00007ffd54468000 	C:\Xilinx\Vivado\2019.1\lib\win64.o\libXil_lmgr11.dll
0x00007ffda57a0000 - 0x00007ffda588d000 	C:\WINDOWS\System32\COMDLG32.dll
0x00007ffda5120000 - 0x00007ffda51e2000 	C:\WINDOWS\System32\OLEAUT32.dll
0x00007ffda60d0000 - 0x00007ffda6221000 	C:\WINDOWS\System32\ole32.dll
0x00007ffda28a0000 - 0x00007ffda28f7000 	C:\WINDOWS\System32\WINTRUST.dll
0x00007ffda2590000 - 0x00007ffda25a2000 	C:\WINDOWS\System32\MSASN1.dll
0x00007ffd8d860000 - 0x00007ffd8d869000 	C:\WINDOWS\SYSTEM32\WSOCK32.dll
0x00007ffd8e2d0000 - 0x00007ffd8e2f9000 	C:\WINDOWS\SYSTEM32\VCOMP140.DLL
0x00007ffda3190000 - 0x00007ffda3372000 	C:\WINDOWS\System32\CRYPT32.dll
0x00007ffd4e070000 - 0x00007ffd4ef01000 	C:\Xilinx\Vivado\2019.1\lib\win64.o\gurobi65.dll
0x00007ffd930d0000 - 0x00007ffd930dd000 	C:\Xilinx\Vivado\2019.1\lib\win64.o\libboost_chrono.dll
0x00007ffd91710000 - 0x00007ffd9172b000 	C:\Xilinx\Vivado\2019.1\lib\win64.o\libboost_iostreams.dll
0x00007ffd8d1a0000 - 0x00007ffd8d1c5000 	C:\Xilinx\Vivado\2019.1\lib\win64.o\libisl_iosutils.dll
0x00007ffd8f560000 - 0x00007ffd8f807000 	C:\WINDOWS\SYSTEM32\iertutil.dll
0x00007ffd94b50000 - 0x00007ffd94bf7000 	C:\WINDOWS\WinSxS\amd64_microsoft.windows.common-controls_6595b64144ccf1df_5.82.17134.1006_none_557373d72661c24e\COMCTL32.dll
0x00007ffd9ad70000 - 0x00007ffd9ad8a000 	C:\WINDOWS\SYSTEM32\dhcpcsvc.DLL
0x00007ffda5ad0000 - 0x00007ffda5ad8000 	C:\WINDOWS\System32\NSI.dll
0x00007ffda1fb0000 - 0x00007ffda1fbb000 	C:\WINDOWS\SYSTEM32\CRYPTBASE.DLL
0x00007ffda1c30000 - 0x00007ffda1c3e000 	C:\WINDOWS\SYSTEM32\NETUTILS.DLL
0x00007ffda51f0000 - 0x00007ffda521d000 	C:\WINDOWS\System32\IMM32.DLL
0x00007ffd53130000 - 0x00007ffd53647000 	C:\Xilinx\Vivado\2019.1\lib\win64.o\librdi_commontasks.dll
0x00007ffd9bd10000 - 0x00007ffd9bd1a000 	C:\WINDOWS\SYSTEM32\VERSION.dll
0x0000000051ee0000 - 0x0000000052905000 	C:\Xilinx\Vivado\2019.1\tps\win64\jre9.0.4\bin\server\jvm.dll
0x00007ffd61630000 - 0x00007ffd618b6000 	C:\Xilinx\Vivado\2019.1\lib\win64.o\librdi_sio.dll
0x00007ffda1b30000 - 0x00007ffda1b68000 	C:\WINDOWS\SYSTEM32\IPHLPAPI.DLL
0x00007ffda5ae0000 - 0x00007ffda5ae8000 	C:\WINDOWS\System32\PSAPI.DLL
0x00007ffd9d810000 - 0x00007ffd9d833000 	C:\WINDOWS\SYSTEM32\WINMM.dll
0x00007ffd6fc70000 - 0x00007ffd6fd5f000 	C:\WINDOWS\SYSTEM32\MSVCR120.dll
0x00007ffd9d7e0000 - 0x00007ffd9d80a000 	C:\WINDOWS\SYSTEM32\WINMMBASE.dll
0x00007ffda1de0000 - 0x00007ffda1e46000 	C:\WINDOWS\SYSTEM32\MSWSOCK.DLL
0x00007ffd1b740000 - 0x00007ffd1dbfc000 	C:\Xilinx\Vivado\2019.1\lib\win64.o\librdi_tcltasks.dll
0x00007ffd85d40000 - 0x00007ffd85db8000 	C:\Xilinx\Vivado\2019.1\lib\win64.o\librdi_boarddep.dll
0x00007ffd46a90000 - 0x00007ffd46e98000 	C:\Xilinx\Vivado\2019.1\lib\win64.o\librdi_bitstream.dll
0x00007ffd63940000 - 0x00007ffd63ad1000 	C:\Xilinx\Vivado\2019.1\lib\win64.o\librdi_board.dll
0x00007ffd64e70000 - 0x00007ffd64f5b000 	C:\Xilinx\Vivado\2019.1\lib\win64.o\librdi_chipscope.dll
0x00007ffd52890000 - 0x00007ffd52a4d000 	C:\Xilinx\Vivado\2019.1\lib\win64.o\librdi_chipscopeimpl.dll
0x00007ffd55f30000 - 0x00007ffd56086000 	C:\Xilinx\Vivado\2019.1\lib\win64.o\librdi_containers.dll
0x00007ffd19d50000 - 0x00007ffd1b73a000 	C:\Xilinx\Vivado\2019.1\lib\win64.o\librdi_constraints.dll
0x00007ffd17e90000 - 0x00007ffd19d41000 	C:\Xilinx\Vivado\2019.1\lib\win64.o\librdi_coregen.dll
0x00007ffd3c150000 - 0x00007ffd3c82a000 	C:\Xilinx\Vivado\2019.1\lib\win64.o\librdi_coregenipxact.dll
0x00007ffd3d910000 - 0x00007ffd3dc2e000 	C:\Xilinx\Vivado\2019.1\lib\win64.o\librdi_dlyest.dll
0x00007ffd3bbb0000 - 0x00007ffd3c14a000 	C:\Xilinx\Vivado\2019.1\lib\win64.o\librdi_drc.dll
0x00007ffd13e40000 - 0x00007ffd17e83000 	C:\Xilinx\Vivado\2019.1\lib\win64.o\librdi_designutils.dll
0x00007ffd70970000 - 0x00007ffd70a34000 	C:\Xilinx\Vivado\2019.1\lib\win64.o\librdi_dsp.dll
0x00007ffd3b560000 - 0x00007ffd3bbad000 	C:\Xilinx\Vivado\2019.1\lib\win64.o\librdi_filemgmt.dll
0x00007ffd3d2a0000 - 0x00007ffd3d583000 	C:\Xilinx\Vivado\2019.1\lib\win64.o\librdi_guitools.dll
0x00007ffd78650000 - 0x00007ffd786b5000 	C:\Xilinx\Vivado\2019.1\lib\win64.o\librdi_hdf.dll
0x00007ffd337c0000 - 0x00007ffd34d80000 	C:\Xilinx\Vivado\2019.1\lib\win64.o\librdi_implflow.dll
0x00007ffd01a10000 - 0x00007ffd13e3c000 	C:\Xilinx\Vivado\2019.1\lib\win64.o\librdi_device.dll
0x00007ffd32060000 - 0x00007ffd32675000 	C:\Xilinx\Vivado\2019.1\lib\win64.o\librdi_memdata.dll
0x00007ffd77bf0000 - 0x00007ffd77c63000 	C:\Xilinx\Vivado\2019.1\lib\win64.o\librdi_memoryarray.dll
0x00007ffd86e50000 - 0x00007ffd86e9b000 	C:\Xilinx\Vivado\2019.1\lib\win64.o\librdi_pfi.dll
0x00007ffd2ffa0000 - 0x00007ffd30642000 	C:\Xilinx\Vivado\2019.1\lib\win64.o\librdi_netlist.dll
0x00007ffcfed20000 - 0x00007ffd01a06000 	C:\Xilinx\Vivado\2019.1\lib\win64.o\librdi_mig.dll
0x00007ffd38da0000 - 0x00007ffd390af000 	C:\Xilinx\Vivado\2019.1\lib\win64.o\librdi_platform.dll
0x00007ffd29140000 - 0x00007ffd2988a000 	C:\Xilinx\Vivado\2019.1\lib\win64.o\librdi_power.dll
0x00007ffd28bc0000 - 0x00007ffd2913f000 	C:\Xilinx\Vivado\2019.1\lib\win64.o\librdi_project.dll
0x00007ffd284b0000 - 0x00007ffd28bb9000 	C:\Xilinx\Vivado\2019.1\lib\win64.o\librdi_psta.dll
0x00007ffcfc6a0000 - 0x00007ffcfed16000 	C:\Xilinx\Vivado\2019.1\lib\win64.o\librdi_place.dll
0x00007ffcfbf90000 - 0x00007ffcfc696000 	C:\Xilinx\Vivado\2019.1\lib\win64.o\librdi_rsb.dll
0x00007ffd31660000 - 0x00007ffd31a51000 	C:\Xilinx\Vivado\2019.1\lib\win64.o\librdi_runs.dll
0x00007ffd55c90000 - 0x00007ffd55d8a000 	C:\Xilinx\Vivado\2019.1\lib\win64.o\librdi_runsbase.dll
0x00007ffd41580000 - 0x00007ffd417d6000 	C:\Xilinx\Vivado\2019.1\lib\win64.o\librdi_simdata.dll
0x00007ffd52000000 - 0x00007ffd52172000 	C:\Xilinx\Vivado\2019.1\lib\win64.o\librdi_advchipscopeimpl.dll
0x00007ffcfb170000 - 0x00007ffcfbf81000 	C:\Xilinx\Vivado\2019.1\lib\win64.o\librdi_timing.dll
0x00007ffd82820000 - 0x00007ffd8286c000 	C:\Xilinx\Vivado\2019.1\lib\win64.o\libboost_serialization.dll
0x00007ffd50e80000 - 0x00007ffd5101f000 	C:\Xilinx\Vivado\2019.1\lib\win64.o\librdi_hip_devdesign.dll
0x00007ffd69a70000 - 0x00007ffd69b32000 	C:\Xilinx\Vivado\2019.1\lib\win64.o\librdi_ipconfig_readwrite.dll
0x00007ffd771c0000 - 0x00007ffd77203000 	C:\Xilinx\Vivado\2019.1\lib\win64.o\librdi_noc_frameworks.dll
0x00007ffd74f10000 - 0x00007ffd74fae000 	C:\Xilinx\Vivado\2019.1\lib\win64.o\libise.dll
0x00007ffcfa620000 - 0x00007ffcfb167000 	C:\Xilinx\Vivado\2019.1\lib\win64.o\libverific.dll
0x00007ffd76f50000 - 0x00007ffd76f90000 	C:\Xilinx\Vivado\2019.1\lib\win64.o\librdi_wavedata_SimpleApi.dll
0x00007ffcfa020000 - 0x00007ffcfa61c000 	C:\Xilinx\Vivado\2019.1\lib\win64.o\librdi_wavedata.dll

VM Arguments:
jvm_args: -Dsun.java2d.pmoffscreen=false -Dsun.java2d.xrender=false -Dsun.java2d.d3d=false -Dsun.awt.nopixfmt=true -Dsun.java2d.dpiaware=true -Dsun.java2d.uiScale.enabled=false -Xverify:none -Dswing.aatext=true -XX:-UsePerfData -Djdk.map.althashing.threshold=512 -XX:StringTableSize=4072 --add-opens=java.base/java.nio=ALL-UNNAMED --add-opens=java.desktop/sun.swing=ALL-UNNAMED --add-opens=java.desktop/javax.swing=ALL-UNNAMED --add-opens=java.desktop/javax.swing.tree=ALL-UNNAMED --add-opens=java.desktop/javax.swing.plaf.basic=ALL-UNNAMED --add-opens=java.desktop/javax.swing.plaf.synth=ALL-UNNAMED --add-opens=java.desktop/com.sun.awt=ALL-UNNAMED -XX:NewSize=60m -XX:MaxNewSize=60m -Xms128m -Xmx3072m -Xss5m 
java_command: <unknown>
java_class_path (initial): C:/Xilinx/Vivado/2019.1\lib\classes\alloy.jar;C:/Xilinx/Vivado/2019.1\lib\classes\autopilot.scelaborator.jar;C:/Xilinx/Vivado/2019.1\lib\classes\autopilot.sourceprocessor.jar;C:/Xilinx/Vivado/2019.1\lib\classes\autopilot.tbprocessor.jar;C:/Xilinx/Vivado/2019.1\lib\classes\batik-anim.jar;C:/Xilinx/Vivado/2019.1\lib\classes\batik-awt-util.jar;C:/Xilinx/Vivado/2019.1\lib\classes\batik-bridge.jar;C:/Xilinx/Vivado/2019.1\lib\classes\batik-codec.jar;C:/Xilinx/Vivado/2019.1\lib\classes\batik-css.jar;C:/Xilinx/Vivado/2019.1\lib\classes\batik-dom.jar;C:/Xilinx/Vivado/2019.1\lib\classes\batik-ext.jar;C:/Xilinx/Vivado/2019.1\lib\classes\batik-gui-util.jar;C:/Xilinx/Vivado/2019.1\lib\classes\batik-gvt.jar;C:/Xilinx/Vivado/2019.1\lib\classes\batik-parser.jar;C:/Xilinx/Vivado/2019.1\lib\classes\batik-script.jar;C:/Xilinx/Vivado/2019.1\lib\classes\batik-svg-dom.jar;C:/Xilinx/Vivado/2019.1\lib\classes\batik-swing.jar;C:/Xilinx/Vivado/2019.1\lib\classes\batik-transcoder.jar;C:/Xilinx/Vivado/2019.1\lib\classes\batik-util.jar;C:/Xilinx/Vivado/2019.1\lib\classes\batik-xml.jar;C:/Xilinx/Vivado/2019.1\lib\classes\com.google.gson_2.7.0.v20170129-0911.jar;C:/Xilinx/Vivado/2019.1\lib\classes\com.google.guava_21.0.0.v20170206-1425.jar;C:/Xilinx/Vivado/2019.1\lib\classes\com.google.inject_3.0.0.v201605172100.jar;C:/Xilinx/Vivado/2019.1\lib\classes\com.ibm.icu_4.4.2.v20110208.jar;C:/Xilinx/Vivado/2019.1\lib\classes\com.sigasi.hdt.annotations.runtime_4.3.0.201903071210.jar;C:/Xilinx/Vivado/2019.1\lib\classes\com.sigasi.hdt.blockdiagram.model_4.3.0.201903071210.jar;C:/Xilinx/Vivado/2019.1\lib\classes\com.sigasi.hdt.connection_4.3.0.201903071210.jar;C:/Xilinx/Vivado/2019.1\lib\classes\com.sigasi.hdt.dependencies.model_4.3.0.201903071210.jar;C:/Xilinx/Vivado/2019.1\lib\classes\com.sigasi.hdt.epl_4.3.0.201903071210.jar;C:/Xilinx/Vivado/2019.1\lib\classes\com.sigasi.hdt.graphics.model_4.3.0.201903071210.jar;C:/Xilinx/Vivado/2019.1\lib\classes\com.sigasi.hdt.project_4.3.0
Launcher Type: generic

Logging:
Log output configuration:
#0: stdout all=warning uptime,level,tags
#1: stderr all=off uptime,level,tags

Environment Variables:
PATH=C:/Xilinx/Vivado/2019.1/bin;C:/Xilinx/Vivado/2019.1/lib/win64.o;C:/Xilinx/Vivado/2019.1/tps/win64/jre9.0.4/bin/server;C:/Xilinx/Vivado/2019.1/tps/win64/jre9.0.4/bin;C:/Xilinx/Vivado/2019.1/ids_lite/ISE/bin/nt64;C:/Xilinx/Vivado/2019.1/ids_lite/ISE/lib/nt64;C:\Program Files (x86)\Intel\Intel(R) Management Engine Components\iCLS\;C:\Program Files\Intel\Intel(R) Management Engine Components\iCLS\;C:\Windows\system32;C:\Windows;C:\Windows\System32\Wbem;C:\Windows\System32\WindowsPowerShell\v1.0\;C:\Program Files (x86)\NVIDIA Corporation\PhysX\Common;C:\Program Files (x86)\Intel\Intel(R) Management Engine Components\DAL;C:\Program Files\Intel\Intel(R) Management Engine Components\DAL;C:\Program Files (x86)\Intel\Intel(R) Management Engine Components\IPT;C:\Program Files\Intel\Intel(R) Management Engine Components\IPT;C:\Program Files\Python36;C:\Program Files\Python36\Scripts;C:\Program Files\dotnet\;C:\Program Files\Intel\WiFi\bin\;C:\Program Files\Common Files\Intel\WirelessCommon\;C:\Users\19257\tensor\protoc-3.8.0-win64\bin;C:\Strawberry\c\bin;C:\Strawberry\perl\site\bin;C:\Strawberry\perl\bin;%SystemRoot%\system32;%SystemRoot%;%SystemRoot%\System32\Wbem;%SYSTEMROOT%\System32\WindowsPowerShell\v1.0\;%SYSTEMROOT%\System32\OpenSSH\;C:\Users\19257\AppData\Local\Microsoft\WindowsApps;;C:/Xilinx/Vivado/2019.1\tps\mingw\6.2.0\win64.o\nt\bin;C:/Xilinx/Vivado/2019.1\tps\mingw\6.2.0\win64.o\nt\libexec\gcc\x86_64-w64-mingw32\6.2.0;C:/Xilinx/Vivado/2019.1\tps\win64\python-2.7.5;C:/Xilinx/Vivado/2019.1\tps\win64\python-2.7.5\lib;C:/Xilinx/Vivado/2019.1\tps\win64\python-2.7.5\Lib\lib-tk;C:/Xilinx/Vivado/2019.1\tps\win64\python-2.7.5\lib\site-packages
USERNAME=19257
OS=Windows_NT
PROCESSOR_IDENTIFIER=Intel64 Family 6 Model 158 Stepping 10, GenuineIntel



---------------  S Y S T E M  ---------------

OS: Windows 10 , 64 bit Build 17134 (10.0.17134.753)

CPU:total 12 (initial active 12) (6 cores per cpu, 2 threads per core) family 6 model 158 stepping 10, cmov, cx8, fxsr, mmx, sse, sse2, sse3, ssse3, sse4.1, sse4.2, popcnt, avx, avx2, aes, clmul, erms, 3dnowpref, lzcnt, ht, tsc, tscinvbit, bmi1, bmi2, adx, fma

Memory: 4k page, physical 16633240k(976168k free), swap 61199124k(4k free)

vm_info: Java HotSpot(TM) 64-Bit Server VM (9.0.4+11) for windows-amd64 JRE (9.0.4+11), built on Dec 20 2017 02:18:54 by "mach5one" with MS VC++ 12.0 (VS2013)

END.
